#
# There is insufficient memory for the Java Runtime Environment to continue.
# Native memory allocation (mmap) failed to map 99614720 bytes for committing reserved memory.
# Possible reasons:
#   The system is out of physical RAM or swap space
#   In 32 bit mode, the process size limit was hit
# Possible solutions:
#   Reduce memory load on the system
#   Increase physical memory or swap space
#   Check if swap backing store is full
#   Use 64 bit Java on a 64 bit OS
#   Decrease Java heap size (-Xmx/-Xms)
#   Decrease number of Java threads
#   Decrease Java thread stack sizes (-Xss)
#   Set larger code cache with -XX:ReservedCodeCacheSize=
# This output file may be truncated or incomplete.
#
#  Out of Memory Error (os_linux.cpp:2627), pid=3024, tid=0x00007fc32f2d1700
#
# JRE version: OpenJDK Runtime Environment (8.0_112-b06) (build 1.8.0_112-release-b06)
# Java VM: OpenJDK 64-Bit Server VM (25.112-b06 mixed mode linux-amd64 compressed oops)
# Failed to write core dump. Core dumps have been disabled. To enable core dumping, try "ulimit -c unlimited" before starting Java again
#

---------------  T H R E A D  ---------------

Current thread (0x00007fc354077800):  VMThread [stack: 0x00007fc32f1d1000,0x00007fc32f2d2000] [id=3032]

Stack: [0x00007fc32f1d1000,0x00007fc32f2d2000],  sp=0x00007fc32f2d0480,  free space=1021k
Native frames: (J=compiled Java code, j=interpreted, Vv=VM code, C=native code)
V  [libjvm.so+0x9e465d]  VMError::report_and_die()+0x15d
V  [libjvm.so+0x4b6ada]  report_vm_out_of_memory(char const*, int, unsigned long, VMErrorType, char const*)+0x8a
V  [libjvm.so+0x84c860]  os::pd_commit_memory(char*, unsigned long, unsigned long, bool)+0xf0
V  [libjvm.so+0x84737f]  os::commit_memory(char*, unsigned long, unsigned long, bool)+0x1f
V  [libjvm.so+0x8bd3db]  PSVirtualSpace::expand_by(unsigned long)+0x5b
V  [libjvm.so+0x8be050]  PSYoungGen::resize_generation(unsigned long, unsigned long)+0xb0
V  [libjvm.so+0x8be36b]  PSYoungGen::resize(unsigned long, unsigned long)+0x1b
V  [libjvm.so+0x8baa5c]  PSScavenge::invoke_no_policy()+0xdac
V  [libjvm.so+0x8bb238]  PSScavenge::invoke()+0x38
V  [libjvm.so+0x86fcf3]  ParallelScavengeHeap::failed_mem_allocate(unsigned long)+0x63
V  [libjvm.so+0x9e6124]  VM_ParallelGCFailedAllocation::doit()+0x84
V  [libjvm.so+0x9ea537]  VM_Operation::evaluate()+0x47
V  [libjvm.so+0x9e8ff8]  VMThread::evaluate_operation(VM_Operation*)+0x2c8
V  [libjvm.so+0x9e9479]  VMThread::loop()+0x219
V  [libjvm.so+0x9e98c2]  VMThread::run()+0x72
V  [libjvm.so+0x849c82]  java_start(Thread*)+0xf2

VM_Operation (0x00007fc2e5c435b0): ParallelGCFailedAllocation, mode: safepoint, requested by thread 0x00007fc30400e800


---------------  P R O C E S S  ---------------

Java Threads: ( => current thread )
  0x00007fc2f58e7000 JavaThread "Asynchronous log dispatcher for DefaultDaemonConnection: socket connection from /127.0.0.1:33359 to /127.0.0.1:41453" [_thread_blocked, id=6644, stack(0x00007fc32c8bf000,0x00007fc32c9c0000)]
  0x00007fc304003800 JavaThread "Cancel handler" [_thread_blocked, id=6641, stack(0x00007fc2e5a46000,0x00007fc2e5b47000)]
  0x00007fc304009800 JavaThread "Handler for socket connection from /127.0.0.1:33359 to /127.0.0.1:41453" [_thread_in_native, id=6640, stack(0x00007fc32c5bc000,0x00007fc32c6bd000)]
  0x00007fc30400e800 JavaThread "Daemon worker Thread 10" [_thread_blocked, id=6612, stack(0x00007fc2e5b47000,0x00007fc2e5c48000)]
  0x00007fc300057000 JavaThread "Daemon Thread 10" [_thread_blocked, id=6609, stack(0x00007fc32cbc0000,0x00007fc32ccc1000)]
  0x00007fc2ec0e8000 JavaThread "pool-6-thread-4" [_thread_blocked, id=4202, stack(0x00007fc2e5106000,0x00007fc2e5207000)]
  0x00007fc2c0003800 JavaThread "pool-6-thread-3" [_thread_blocked, id=4196, stack(0x00007fc2e5e48000,0x00007fc2e5f49000)]
  0x00007fc2f4989000 JavaThread "pool-6-thread-2" [_thread_blocked, id=3072, stack(0x00007fc2e5207000,0x00007fc2e5308000)]
  0x00007fc2d400a800 JavaThread "pool-6-thread-1" [_thread_blocked, id=3066, stack(0x00007fc2e5743000,0x00007fc2e5844000)]
  0x00007fc2f4f50000 JavaThread "File lock request listener" [_thread_in_native, id=3053, stack(0x00007fc32c006000,0x00007fc32c107000)]
  0x00007fc354d4d000 JavaThread "pool-1-thread-1" [_thread_blocked, id=3044, stack(0x00007fc32c7be000,0x00007fc32c8bf000)]
  0x00007fc354ceb000 JavaThread "Incoming local TCP Connector on port 33359" [_thread_in_native, id=3041, stack(0x00007fc32cec8000,0x00007fc32cfc9000)]
  0x00007fc3540bf800 JavaThread "Service Thread" daemon [_thread_blocked, id=3039, stack(0x00007fc32e3e8000,0x00007fc32e4e9000)]
  0x00007fc3540bc800 JavaThread "C1 CompilerThread2" daemon [_thread_blocked, id=3038, stack(0x00007fc32e4e9000,0x00007fc32e5ea000)]
  0x00007fc3540ba800 JavaThread "C2 CompilerThread1" daemon [_thread_blocked, id=3037, stack(0x00007fc32e5ea000,0x00007fc32e6eb000)]
  0x00007fc3540b8000 JavaThread "C2 CompilerThread0" daemon [_thread_blocked, id=3036, stack(0x00007fc32e6eb000,0x00007fc32e7ec000)]
  0x00007fc3540b6800 JavaThread "Signal Dispatcher" daemon [_thread_blocked, id=3035, stack(0x00007fc32e7ec000,0x00007fc32e8ed000)]
  0x00007fc354083800 JavaThread "Finalizer" daemon [_thread_blocked, id=3034, stack(0x00007fc32efcf000,0x00007fc32f0d0000)]
  0x00007fc35407f000 JavaThread "Reference Handler" daemon [_thread_blocked, id=3033, stack(0x00007fc32f0d0000,0x00007fc32f1d1000)]
  0x00007fc35400a000 JavaThread "main" [_thread_blocked, id=3025, stack(0x00007fc35aa9a000,0x00007fc35ab9b000)]

Other Threads:
=>0x00007fc354077800 VMThread [stack: 0x00007fc32f1d1000,0x00007fc32f2d2000] [id=3032]
  0x00007fc3540c2000 WatcherThread [stack: 0x00007fc32e2e7000,0x00007fc32e3e8000] [id=3040]

VM state:at safepoint (normal execution)

VM Mutex/Monitor currently owned by a thread:  ([mutex/lock_event])
[0x00007fc354006410] Threads_lock - owner thread: 0x00007fc354077800
[0x00007fc354006910] Heap_lock - owner thread: 0x00007fc30400e800

Heap:
 PSYoungGen      total 384512K, used 26604K [0x00000000e0000000, 0x00000000f9300000, 0x0000000100000000)
  eden space 357888K, 0% used [0x00000000e0000000,0x00000000e0000000,0x00000000f5d80000)
  from space 26624K, 99% used [0x00000000f5d80000,0x00000000f777b088,0x00000000f7780000)
  to   space 18944K, 0% used [0x00000000f7780000,0x00000000f7780000,0x00000000f8a00000)
 ParOldGen       total 190464K, used 160242K [0x00000000a0000000, 0x00000000aba00000, 0x00000000e0000000)
  object space 190464K, 84% used [0x00000000a0000000,0x00000000a9c7c840,0x00000000aba00000)
 Metaspace       used 77957K, capacity 85216K, committed 85424K, reserved 1124352K
  class space    used 10039K, capacity 10839K, committed 10928K, reserved 1048576K

Card table byte_map: [0x00007fc344518000,0x00007fc344819000] byte_map_base: 0x00007fc344018000

Marking Bits: (ParMarkBitMap*) 0x00007fc359f66340
 Begin Bits: [0x00007fc33d000000, 0x00007fc33e800000)
 End Bits:   [0x00007fc33e800000, 0x00007fc340000000)

Polling page: 0x00007fc35abb5000

CodeCache: size=245760Kb used=55657Kb max_used=55765Kb free=190102Kb
 bounds [0x00007fc344bd9000, 0x00007fc3482a9000, 0x00007fc353bd9000]
 total_blobs=17222 nmethods=16423 adapters=710
 compilation: enabled

Compilation events (10 events):
Event: 8755.910 Thread 0x00007fc3540ba800 20735   !   4       sun.reflect.GeneratedConstructorAccessor15::newInstance (53 bytes)
Event: 8755.912 Thread 0x00007fc3540ba800 nmethod 20735 0x00007fc348298050 code [0x00007fc3482981c0, 0x00007fc3482983a8]
Event: 8755.914 Thread 0x00007fc3540b8000 20736       4       org.gradle.api.internal.artifacts.ivyservice.dependencysubstitution.DefaultDependencySubstitutions::<init> (33 bytes)
Event: 8755.915 Thread 0x00007fc3540b8000 nmethod 20736 0x00007fc347eedf10 code [0x00007fc347eee060, 0x00007fc347eee0f8]
Event: 8755.917 Thread 0x00007fc3540ba800 20737       4       com.google.common.collect.Lists$ReverseList$1::next (30 bytes)
Event: 8755.917 Thread 0x00007fc3540b8000 20738       4       com.android.utils.ImmutableCollectors$$Lambda$107/790366328::accept (9 bytes)
Event: 8755.920 Thread 0x00007fc3540ba800 nmethod 20737 0x00007fc3451af510 code [0x00007fc3451af680, 0x00007fc3451af838]
Event: 8755.921 Thread 0x00007fc3540ba800 20739       4       java.util.HashMap$KeySet::<init> (10 bytes)
Event: 8755.922 Thread 0x00007fc3540ba800 nmethod 20739 0x00007fc347fca450 code [0x00007fc347fca5a0, 0x00007fc347fca618]
Event: 8755.924 Thread 0x00007fc3540b8000 nmethod 20738 0x00007fc34551bd50 code [0x00007fc34551bec0, 0x00007fc34551c2a8]

GC Heap History (10 events):
Event: 4903.959 GC heap after
Heap after GC invocations=27 (full 3):
 PSYoungGen      total 321024K, used 10122K [0x00000000e0000000, 0x00000000f5780000, 0x0000000100000000)
  eden space 306688K, 0% used [0x00000000e0000000,0x00000000e0000000,0x00000000f2b80000)
  from space 14336K, 70% used [0x00000000f3e80000,0x00000000f4862950,0x00000000f4c80000)
  to   space 19456K, 0% used [0x00000000f2b80000,0x00000000f2b80000,0x00000000f3e80000)
 ParOldGen       total 99840K, used 58677K [0x00000000a0000000, 0x00000000a6180000, 0x00000000e0000000)
  object space 99840K, 58% used [0x00000000a0000000,0x00000000a394d780,0x00000000a6180000)
 Metaspace       used 68015K, capacity 71718K, committed 71984K, reserved 1112064K
  class space    used 8607K, capacity 9188K, committed 9264K, reserved 1048576K
}
Event: 4974.019 GC heap before
{Heap before GC invocations=28 (full 3):
 PSYoungGen      total 321024K, used 316810K [0x00000000e0000000, 0x00000000f5780000, 0x0000000100000000)
  eden space 306688K, 100% used [0x00000000e0000000,0x00000000f2b80000,0x00000000f2b80000)
  from space 14336K, 70% used [0x00000000f3e80000,0x00000000f4862950,0x00000000f4c80000)
  to   space 19456K, 0% used [0x00000000f2b80000,0x00000000f2b80000,0x00000000f3e80000)
 ParOldGen       total 99840K, used 58677K [0x00000000a0000000, 0x00000000a6180000, 0x00000000e0000000)
  object space 99840K, 58% used [0x00000000a0000000,0x00000000a394d780,0x00000000a6180000)
 Metaspace       used 68143K, capacity 71910K, committed 71984K, reserved 1112064K
  class space    used 8618K, capacity 9202K, committed 9264K, reserved 1048576K
Event: 4974.033 GC heap after
Heap after GC invocations=28 (full 3):
 PSYoungGen      total 326144K, used 8944K [0x00000000e0000000, 0x00000000f8a00000, 0x0000000100000000)
  eden space 306688K, 0% used [0x00000000e0000000,0x00000000e0000000,0x00000000f2b80000)
  from space 19456K, 45% used [0x00000000f2b80000,0x00000000f343c010,0x00000000f3e80000)
  to   space 18944K, 0% used [0x00000000f7780000,0x00000000f7780000,0x00000000f8a00000)
 ParOldGen       total 99840K, used 59029K [0x00000000a0000000, 0x00000000a6180000, 0x00000000e0000000)
  object space 99840K, 59% used [0x00000000a0000000,0x00000000a39a5780,0x00000000a6180000)
 Metaspace       used 68143K, capacity 71910K, committed 71984K, reserved 1112064K
  class space    used 8618K, capacity 9202K, committed 9264K, reserved 1048576K
}
Event: 8616.759 GC heap before
{Heap before GC invocations=29 (full 3):
 PSYoungGen      total 326144K, used 315632K [0x00000000e0000000, 0x00000000f8a00000, 0x0000000100000000)
  eden space 306688K, 100% used [0x00000000e0000000,0x00000000f2b80000,0x00000000f2b80000)
  from space 19456K, 45% used [0x00000000f2b80000,0x00000000f343c010,0x00000000f3e80000)
  to   space 18944K, 0% used [0x00000000f7780000,0x00000000f7780000,0x00000000f8a00000)
 ParOldGen       total 99840K, used 59029K [0x00000000a0000000, 0x00000000a6180000, 0x00000000e0000000)
  object space 99840K, 59% used [0x00000000a0000000,0x00000000a39a5780,0x00000000a6180000)
 Metaspace       used 72876K, capacity 78268K, committed 78384K, reserved 1118208K
  class space    used 9252K, capacity 9975K, committed 10032K, reserved 1048576K
Event: 8617.257 GC heap after
Heap after GC invocations=29 (full 3):
 PSYoungGen      total 376832K, used 18936K [0x00000000e0000000, 0x00000000f9300000, 0x0000000100000000)
  eden space 357888K, 0% used [0x00000000e0000000,0x00000000e0000000,0x00000000f5d80000)
  from space 18944K, 99% used [0x00000000f7780000,0x00000000f89fe0d0,0x00000000f8a00000)
  to   space 26624K, 0% used [0x00000000f5d80000,0x00000000f5d80000,0x00000000f7780000)
 ParOldGen       total 99840K, used 72970K [0x00000000a0000000, 0x00000000a6180000, 0x00000000e0000000)
  object space 99840K, 73% used [0x00000000a0000000,0x00000000a4742b90,0x00000000a6180000)
 Metaspace       used 72876K, capacity 78268K, committed 78384K, reserved 1118208K
  class space    used 9252K, capacity 9975K, committed 10032K, reserved 1048576K
}
Event: 8627.992 GC heap before
{Heap before GC invocations=30 (full 3):
 PSYoungGen      total 376832K, used 376824K [0x00000000e0000000, 0x00000000f9300000, 0x0000000100000000)
  eden space 357888K, 100% used [0x00000000e0000000,0x00000000f5d80000,0x00000000f5d80000)
  from space 18944K, 99% used [0x00000000f7780000,0x00000000f89fe0d0,0x00000000f8a00000)
  to   space 26624K, 0% used [0x00000000f5d80000,0x00000000f5d80000,0x00000000f7780000)
 ParOldGen       total 99840K, used 72970K [0x00000000a0000000, 0x00000000a6180000, 0x00000000e0000000)
  object space 99840K, 73% used [0x00000000a0000000,0x00000000a4742b90,0x00000000a6180000)
 Metaspace       used 75902K, capacity 82862K, committed 82992K, reserved 1122304K
  class space    used 9728K, capacity 10455K, committed 10544K, reserved 1048576K
Event: 8628.352 GC heap after
Heap after GC invocations=30 (full 3):
 PSYoungGen      total 376832K, used 376824K [0x00000000e0000000, 0x00000000f9300000, 0x0000000100000000)
  eden space 357888K, 100% used [0x00000000e0000000,0x00000000f5d80000,0x00000000f5d80000)
  from space 18944K, 99% used [0x00000000f7780000,0x00000000f89fe0d0,0x00000000f8a00000)
  to   space 26624K, 99% used [0x00000000f5d80000,0x00000000f777e0d0,0x00000000f7780000)
 ParOldGen       total 131584K, used 131446K [0x00000000a0000000, 0x00000000a8080000, 0x00000000e0000000)
  object space 131584K, 99% used [0x00000000a0000000,0x00000000a805da20,0x00000000a8080000)
 Metaspace       used 75902K, capacity 82862K, committed 82992K, reserved 1122304K
  class space    used 9728K, capacity 10455K, committed 10544K, reserved 1048576K
}
Event: 8628.361 GC heap before
{Heap before GC invocations=31 (full 4):
 PSYoungGen      total 376832K, used 376824K [0x00000000e0000000, 0x00000000f9300000, 0x0000000100000000)
  eden space 357888K, 100% used [0x00000000e0000000,0x00000000f5d80000,0x00000000f5d80000)
  from space 18944K, 99% used [0x00000000f7780000,0x00000000f89fe0d0,0x00000000f8a00000)
  to   space 26624K, 99% used [0x00000000f5d80000,0x00000000f777e0d0,0x00000000f7780000)
 ParOldGen       total 131584K, used 131446K [0x00000000a0000000, 0x00000000a8080000, 0x00000000e0000000)
  object space 131584K, 99% used [0x00000000a0000000,0x00000000a805da20,0x00000000a8080000)
 Metaspace       used 75902K, capacity 82862K, committed 82992K, reserved 1122304K
  class space    used 9728K, capacity 10455K, committed 10544K, reserved 1048576K
Event: 8628.993 GC heap after
Heap after GC invocations=31 (full 4):
 PSYoungGen      total 376832K, used 0K [0x00000000e0000000, 0x00000000f9300000, 0x0000000100000000)
  eden space 357888K, 0% used [0x00000000e0000000,0x00000000e0000000,0x00000000f5d80000)
  from space 18944K, 0% used [0x00000000f7780000,0x00000000f7780000,0x00000000f8a00000)
  to   space 26624K, 0% used [0x00000000f5d80000,0x00000000f5d80000,0x00000000f7780000)
 ParOldGen       total 190464K, used 122233K [0x00000000a0000000, 0x00000000aba00000, 0x00000000e0000000)
  object space 190464K, 64% used [0x00000000a0000000,0x00000000a775e630,0x00000000aba00000)
 Metaspace       used 75187K, capacity 81458K, committed 82992K, reserved 1122304K
  class space    used 9596K, capacity 10219K, committed 10544K, reserved 1048576K
}
Event: 8756.237 GC heap before
{Heap before GC invocations=32 (full 4):
 PSYoungGen      total 376832K, used 357888K [0x00000000e0000000, 0x00000000f9300000, 0x0000000100000000)
  eden space 357888K, 100% used [0x00000000e0000000,0x00000000f5d80000,0x00000000f5d80000)
  from space 18944K, 0% used [0x00000000f7780000,0x00000000f7780000,0x00000000f8a00000)
  to   space 26624K, 0% used [0x00000000f5d80000,0x00000000f5d80000,0x00000000f7780000)
 ParOldGen       total 190464K, used 122233K [0x00000000a0000000, 0x00000000aba00000, 0x00000000e0000000)
  object space 190464K, 64% used [0x00000000a0000000,0x00000000a775e630,0x00000000aba00000)
 Metaspace       used 77957K, capacity 85216K, committed 85424K, reserved 1124352K
  class space    used 10039K, capacity 10839K, committed 10928K, reserved 1048576K

Deoptimization events (10 events):
Event: 8632.276 Thread 0x00007fc30400e800 Uncommon trap: reason=unstable_if action=reinterpret pc=0x00007fc34664ed3c method=org.gradle.internal.io.StreamByteBuffer.allocateSpace()I @ 44
Event: 8632.567 Thread 0x00007fc30400e800 Uncommon trap: reason=unstable_if action=reinterpret pc=0x00007fc3462c8b84 method=java.nio.Buffer.limit(I)Ljava/nio/Buffer; @ 33
Event: 8632.569 Thread 0x00007fc30400e800 Uncommon trap: reason=unstable_if action=reinterpret pc=0x00007fc3462f07a8 method=com.google.protobuf.CodedOutputStream.computeUInt32SizeNoTag(I)I @ 14
Event: 8632.638 Thread 0x00007fc300057000 Uncommon trap: reason=unstable_if action=reinterpret pc=0x00007fc34673fce0 method=java.lang.ref.SoftReference.get()Ljava/lang/Object; @ 6
Event: 8665.960 Thread 0x00007fc30400e800 Uncommon trap: reason=unstable_if action=reinterpret pc=0x00007fc34731ea00 method=java.lang.ref.SoftReference.get()Ljava/lang/Object; @ 6
Event: 8666.329 Thread 0x00007fc30400e800 Uncommon trap: reason=unstable_if action=reinterpret pc=0x00007fc346ff19f8 method=java.lang.ref.SoftReference.get()Ljava/lang/Object; @ 6
Event: 8716.645 Thread 0x00007fc30400e800 Uncommon trap: reason=unstable_if action=reinterpret pc=0x00007fc3478bf710 method=java.lang.ref.SoftReference.get()Ljava/lang/Object; @ 6
Event: 8716.671 Thread 0x00007fc30400e800 Uncommon trap: reason=unstable_if action=reinterpret pc=0x00007fc3475a9558 method=java.lang.ref.SoftReference.get()Ljava/lang/Object; @ 6
Event: 8741.097 Thread 0x00007fc30400e800 Uncommon trap: reason=unstable_if action=reinterpret pc=0x00007fc3478c5918 method=java.util.regex.Pattern.range(Ljava/util/regex/Pattern$BitClass;)Ljava/util/regex/Pattern$CharProperty; @ 19
Event: 8747.776 Thread 0x00007fc30400e800 Uncommon trap: reason=null_check action=make_not_entrant pc=0x00007fc347dfd0e4 method=org.apache.tools.ant.PropertyHelper.add(Lorg/apache/tools/ant/PropertyHelper$Delegate;)V @ 46

Internal exceptions (10 events):
Event: 8726.334 Thread 0x00007fc30400e800 Exception <a 'sun/nio/fs/UnixException'> (0x00000000eb8e9130) thrown at [/ssd/Android/AOSP-openjdk/external/jetbrains/jdk/hotspot/src/share/vm/prims/jni.cpp, line 709]
Event: 8726.700 Thread 0x00007fc30400e800 Exception <a 'sun/nio/fs/UnixException'> (0x00000000eb8eb1b8) thrown at [/ssd/Android/AOSP-openjdk/external/jetbrains/jdk/hotspot/src/share/vm/prims/jni.cpp, line 709]
Event: 8726.700 Thread 0x00007fc30400e800 Exception <a 'sun/nio/fs/UnixException'> (0x00000000eb8ec4d8) thrown at [/ssd/Android/AOSP-openjdk/external/jetbrains/jdk/hotspot/src/share/vm/prims/jni.cpp, line 709]
Event: 8727.024 Thread 0x00007fc30400e800 Exception <a 'sun/nio/fs/UnixException'> (0x00000000eb8ee768) thrown at [/ssd/Android/AOSP-openjdk/external/jetbrains/jdk/hotspot/src/share/vm/prims/jni.cpp, line 709]
Event: 8727.024 Thread 0x00007fc30400e800 Exception <a 'sun/nio/fs/UnixException'> (0x00000000eb8efa88) thrown at [/ssd/Android/AOSP-openjdk/external/jetbrains/jdk/hotspot/src/share/vm/prims/jni.cpp, line 709]
Event: 8727.069 Thread 0x00007fc30400e800 Exception <a 'sun/nio/fs/UnixException'> (0x00000000eb8f15c0) thrown at [/ssd/Android/AOSP-openjdk/external/jetbrains/jdk/hotspot/src/share/vm/prims/jni.cpp, line 709]
Event: 8727.069 Thread 0x00007fc30400e800 Exception <a 'sun/nio/fs/UnixException'> (0x00000000eb8f2940) thrown at [/ssd/Android/AOSP-openjdk/external/jetbrains/jdk/hotspot/src/share/vm/prims/jni.cpp, line 709]
Event: 8727.092 Thread 0x00007fc30400e800 Exception <a 'sun/nio/fs/UnixException'> (0x00000000eb8f4598) thrown at [/ssd/Android/AOSP-openjdk/external/jetbrains/jdk/hotspot/src/share/vm/prims/jni.cpp, line 709]
Event: 8727.092 Thread 0x00007fc30400e800 Exception <a 'sun/nio/fs/UnixException'> (0x00000000eb8f5998) thrown at [/ssd/Android/AOSP-openjdk/external/jetbrains/jdk/hotspot/src/share/vm/prims/jni.cpp, line 709]
Event: 8747.775 Thread 0x00007fc30400e800 Implicit null exception at 0x00007fc347dfb2df to 0x00007fc347dfd0d5

Events (10 events):
Event: 8755.915 Thread 0x00007fc3540b8000 flushing nmethod 0x00007fc3451af510
Event: 8755.915 Thread 0x00007fc3540b8000 flushing nmethod 0x00007fc3451d9290
Event: 8755.920 Thread 0x00007fc3540ba800 flushing nmethod 0x00007fc345248450
Event: 8755.920 Thread 0x00007fc3540ba800 flushing nmethod 0x00007fc3452ccc50
Event: 8755.921 Thread 0x00007fc3540ba800 flushing nmethod 0x00007fc345316850
Event: 8755.921 Thread 0x00007fc3540ba800 flushing nmethod 0x00007fc345324ad0
Event: 8755.921 Thread 0x00007fc3540ba800 flushing nmethod 0x00007fc345339690
Event: 8755.921 Thread 0x00007fc3540ba800 flushing nmethod 0x00007fc3453a8c90
Event: 8755.923 Thread 0x00007fc3540ba800 flushing nmethod 0x00007fc34551bc10
Event: 8756.180 Executing VM operation: ParallelGCFailedAllocation


Dynamic libraries:
00400000-00401000 r-xp 00000000 08:01 15469166                           /home/rtb/Downloads/android-studio/jre/bin/java
00600000-00601000 r--p 00000000 08:01 15469166                           /home/rtb/Downloads/android-studio/jre/bin/java
00601000-00602000 rw-p 00001000 08:01 15469166                           /home/rtb/Downloads/android-studio/jre/bin/java
013f2000-016ec000 rw-p 00000000 00:00 0                                  [heap]
a0000000-aba00000 rw-p 00000000 00:00 0 
aba00000-e0000000 ---p 00000000 00:00 0 
e0000000-f9300000 rw-p 00000000 00:00 0 
ff200000-100000000 ---p 00000000 00:00 0 
100000000-100aac000 rw-p 00000000 00:00 0 
100aac000-140000000 ---p 00000000 00:00 0 
7fc2bf190000-7fc2bf250000 rw-p 00000000 00:00 0 
7fc2bf250000-7fc2bf390000 ---p 00000000 00:00 0 
7fc2bf390000-7fc2bf590000 rw-p 00000000 00:00 0 
7fc2bf590000-7fc2bf790000 rw-p 00000000 00:00 0 
7fc2bf790000-7fc2bf990000 rw-p 00000000 00:00 0 
7fc2bf990000-7fc2bfb90000 rw-p 00000000 00:00 0 
7fc2bfb90000-7fc2bfd90000 rw-p 00000000 00:00 0 
7fc2bfd90000-7fc2bfe00000 r--s 00643000 08:01 16516182                   /home/rtb/.gradle/caches/jars-2/8cxlnul3q31hn64oaeyb96yvefwfs4h/groovy-all-2.4.6.jar
7fc2bfe00000-7fc2c0000000 rw-p 00000000 00:00 0 
7fc2c0000000-7fc2c015c000 rw-p 00000000 00:00 0 
7fc2c015c000-7fc2c4000000 ---p 00000000 00:00 0 
7fc2c4000000-7fc2c40b6000 rw-p 00000000 00:00 0 
7fc2c40b6000-7fc2c8000000 ---p 00000000 00:00 0 
7fc2c8000000-7fc2c8021000 rw-p 00000000 00:00 0 
7fc2c8021000-7fc2cc000000 ---p 00000000 00:00 0 
7fc2cc000000-7fc2cc039000 rw-p 00000000 00:00 0 
7fc2cc039000-7fc2d0000000 ---p 00000000 00:00 0 
7fc2d0000000-7fc2d0021000 rw-p 00000000 00:00 0 
7fc2d0021000-7fc2d4000000 ---p 00000000 00:00 0 
7fc2d4000000-7fc2d40d8000 rw-p 00000000 00:00 0 
7fc2d40d8000-7fc2d8000000 ---p 00000000 00:00 0 
7fc2d8000000-7fc2d8021000 rw-p 00000000 00:00 0 
7fc2d8021000-7fc2dc000000 ---p 00000000 00:00 0 
7fc2dc000000-7fc2dc021000 rw-p 00000000 00:00 0 
7fc2dc021000-7fc2e0000000 ---p 00000000 00:00 0 
7fc2e0000000-7fc2e0900000 rw-p 00000000 00:00 0 
7fc2e0900000-7fc2e4000000 ---p 00000000 00:00 0 
7fc2e4016000-7fc2e4053000 r--s 00585000 08:01 16781947                   /home/rtb/.gradle/caches/jars-2/1n7dnb6hjij4w2j5bxx77j095ri4wmt/sdk-tools.jar
7fc2e4053000-7fc2e408d000 r--s 001e2000 08:01 16385205                   /home/rtb/.gradle/caches/jars-2/gsc6q095kyxskeaqm5ejgrya5fy93e4/gradle-core-3.2.jar
7fc2e408d000-7fc2e40b5000 r--s 001cf000 08:01 16385425                   /home/rtb/.gradle/caches/jars-2/87eo0lrvp84r6dbxjq018wy66es2era/guava-jdk5-17.0.jar
7fc2e40b5000-7fc2e42b5000 rw-p 00000000 00:00 0 
7fc2e42b5000-7fc2e42b8000 ---p 00000000 00:00 0 
7fc2e42b8000-7fc2e43b6000 rw-p 00000000 00:00 0 
7fc2e43b6000-7fc2e43b9000 ---p 00000000 00:00 0 
7fc2e43b9000-7fc2e46b7000 rw-p 00000000 00:00 0 
7fc2e46b7000-7fc2e48b7000 rw-p 00000000 00:00 0 
7fc2e48b7000-7fc2e48ed000 r-xp 00000000 08:01 15469249                   /home/rtb/Downloads/android-studio/jre/jre/lib/amd64/libsunec.so
7fc2e48ed000-7fc2e4aec000 ---p 00036000 08:01 15469249                   /home/rtb/Downloads/android-studio/jre/jre/lib/amd64/libsunec.so
7fc2e4aec000-7fc2e4af1000 r--p 00035000 08:01 15469249                   /home/rtb/Downloads/android-studio/jre/jre/lib/amd64/libsunec.so
7fc2e4af1000-7fc2e4af3000 rw-p 0003a000 08:01 15469249                   /home/rtb/Downloads/android-studio/jre/jre/lib/amd64/libsunec.so
7fc2e4af3000-7fc2e4d04000 rw-p 00000000 00:00 0 
7fc2e4d04000-7fc2e4f04000 rw-p 00000000 00:00 0 
7fc2e4f04000-7fc2e4f07000 ---p 00000000 00:00 0 
7fc2e4f07000-7fc2e5005000 rw-p 00000000 00:00 0 
7fc2e5005000-7fc2e5008000 ---p 00000000 00:00 0 
7fc2e5008000-7fc2e5106000 rw-p 00000000 00:00 0 
7fc2e5106000-7fc2e5109000 ---p 00000000 00:00 0 
7fc2e5109000-7fc2e5207000 rw-p 00000000 00:00 0                          [stack:4202]
7fc2e5207000-7fc2e520a000 ---p 00000000 00:00 0 
7fc2e520a000-7fc2e5509000 rw-p 00000000 00:00 0                          [stack:3072]
7fc2e5509000-7fc2e550e000 r--s 00034000 08:01 16516186                   /home/rtb/.gradle/caches/jars-2/c74d41v3l7o57dyhdc4xhdfblc3m2cw/gson-2.5.jar
7fc2e550e000-7fc2e5513000 r--s 0007a000 08:01 16781967                   /home/rtb/.gradle/caches/jars-2/2xfpvrqn285lkjaj2akqw48l0w4tra4/gradle-tooling-extension-impl.jar
7fc2e5513000-7fc2e5514000 r--s 00000000 08:01 16385642                   /home/rtb/.gradle/caches/jars-2/dg22azhabc6tsc1i8xni15giz1bnssh/gradle-appengine-builder-model-0.1.0.jar
7fc2e5514000-7fc2e5515000 r--s 00002000 08:01 16781933                   /home/rtb/.gradle/caches/jars-2/iqqgkgyg3wm9wmd3s8apxd4aza13lil/external-system-rt.jar
7fc2e5515000-7fc2e5517000 r--s 0000a000 08:01 16648186                   /home/rtb/.gradle/caches/jars-2/krcpb5psyzrj3vnyx2y829wtjlvcega/gradle-tooling-extension-api.jar
7fc2e5517000-7fc2e5524000 r--s 0017f000 08:01 16648184                   /home/rtb/.gradle/caches/jars-2/orod1zgrmtw50cwwvpd674tmm2f0m4j/velocity.jar
7fc2e5524000-7fc2e552d000 r--s 00041000 08:01 16385203                   /home/rtb/.gradle/caches/jars-2/h9tlqcb3hm1v4dc2krttqmly48oj6dn/gradle-base-services-3.2.jar
7fc2e552d000-7fc2e553a000 r--s 00041000 08:01 16385201                   /home/rtb/.gradle/caches/jars-2/dgtjvv7hz6uw97ja0np1f4qgb2lzw3b/gradle-tooling-api-3.2.jar
7fc2e553a000-7fc2e553f000 r--s 0003b000 08:01 15469212                   /home/rtb/Downloads/android-studio/jre/jre/lib/ext/sunjce_provider.jar
7fc2e553f000-7fc2e5540000 r--s 00008000 08:01 15469216                   /home/rtb/Downloads/android-studio/jre/jre/lib/ext/sunec.jar
7fc2e5540000-7fc2e5543000 r--s 00015000 08:01 15469289                   /home/rtb/Downloads/android-studio/jre/jre/lib/jce.jar
7fc2e5543000-7fc2e5743000 rw-p 00000000 00:00 0 
7fc2e5743000-7fc2e5746000 ---p 00000000 00:00 0 
7fc2e5746000-7fc2e5844000 rw-p 00000000 00:00 0                          [stack:3066]
7fc2e5844000-7fc2e5847000 ---p 00000000 00:00 0 
7fc2e5847000-7fc2e5945000 rw-p 00000000 00:00 0 
7fc2e5945000-7fc2e5948000 ---p 00000000 00:00 0 
7fc2e5948000-7fc2e5a46000 rw-p 00000000 00:00 0 
7fc2e5a46000-7fc2e5a49000 ---p 00000000 00:00 0 
7fc2e5a49000-7fc2e5b47000 rw-p 00000000 00:00 0                          [stack:6641]
7fc2e5b47000-7fc2e5b4a000 ---p 00000000 00:00 0 
7fc2e5b4a000-7fc2e5e48000 rw-p 00000000 00:00 0                          [stack:6612]
7fc2e5e48000-7fc2e5e4b000 ---p 00000000 00:00 0 
7fc2e5e4b000-7fc2e6149000 rw-p 00000000 00:00 0                          [stack:4196]
7fc2e6149000-7fc2e614c000 ---p 00000000 00:00 0 
7fc2e614c000-7fc2e644a000 rw-p 00000000 00:00 0 
7fc2e644a000-7fc2e664a000 rw-p 00000000 00:00 0 
7fc2e664a000-7fc2e684a000 rw-p 00000000 00:00 0 
7fc2e684a000-7fc2e685d000 r--s 00344000 08:01 15469189                   /home/rtb/Downloads/android-studio/jre/jre/lib/resources.jar
7fc2e685d000-7fc2e6a5d000 rw-p 00000000 00:00 0 
7fc2e6a5d000-7fc2e6c5d000 rw-p 00000000 00:00 0 
7fc2e6c5d000-7fc2e6e5d000 rw-p 00000000 00:00 0 
7fc2e6e5d000-7fc2e705d000 rw-p 00000000 00:00 0 
7fc2e705d000-7fc2e725d000 rw-p 00000000 00:00 0 
7fc2e725d000-7fc2e725e000 r--s 00001000 08:01 1837998                    /home/rtb/.gradle/caches/jars-2/sfqei68bumu9jlxv45fr4cwp05lkqj0/annotations-25.3.2.jar
7fc2e725e000-7fc2e7266000 r--s 000a8000 08:01 17302313                   /home/rtb/.gradle/caches/jars-2/lp0h431tl0554nh1vx6zomcvteflkp/lombok-ast-0.2.3.jar
7fc2e7266000-7fc2e727a000 r--s 000b4000 08:01 17302311                   /home/rtb/.gradle/caches/jars-2/hgvw6szzawm3evod5l2d6iutfug31w0/uast-162.2228.14.jar
7fc2e727a000-7fc2e727c000 r--s 0000d000 08:01 17302309                   /home/rtb/.gradle/caches/jars-2/7pwz1bowgakb1eux9ezb56jlturgsyi/commons-codec-1.4.jar
7fc2e727c000-7fc2e727e000 r--s 0000d000 08:01 17302307                   /home/rtb/.gradle/caches/jars-2/9dj1m0eyooi5qt13735vz8fpkl3cnfy/commons-logging-1.1.1.jar
7fc2e727e000-7fc2e7283000 r--s 00028000 08:01 17302305                   /home/rtb/.gradle/caches/jars-2/62lv0fe9b3xbqe57f6ljy5upwi7mf6k/httpcore-4.1.jar
7fc2e7283000-7fc2e7287000 r--s 0002f000 08:01 17302303                   /home/rtb/.gradle/caches/jars-2/gsg5n52frsvw6sx0swqqe2hwijwdcf0/jimfs-1.1.jar
7fc2e7287000-7fc2e7288000 r--s 00004000 08:01 17302301                   /home/rtb/.gradle/caches/jars-2/lxs252id0979odjrerlctkb26c2vj95/annotations-12.0.jar
7fc2e7288000-7fc2e7289000 r--s 00004000 08:01 17302299                   /home/rtb/.gradle/caches/jars-2/9kn99dr0rulyl67sct1ephwcop56l61/asm-analysis-5.0.4.jar
7fc2e7289000-7fc2e728d000 r--s 00040000 08:01 1704552                    /home/rtb/.gradle/caches/jars-2/5yd4q9okhk52w7jvtpit267x9cycjdn/lint-api-25.3.2.jar
7fc2e728d000-7fc2e728e000 r--s 0000a000 08:01 17302295                   /home/rtb/.gradle/caches/jars-2/nwyg9io65lv6jvmwit2wq82xnnxd7ia/kxml2-2.3.0.jar
7fc2e728e000-7fc2e7290000 r--s 00005000 08:01 17302293                   /home/rtb/.gradle/caches/jars-2/i6hc1uuj8e9ck59slmzdyz78ydn8sr6/httpmime-4.1.jar
7fc2e7290000-7fc2e7298000 r--s 0004e000 08:01 17302291                   /home/rtb/.gradle/caches/jars-2/7503wa5irssz0xxahv1xb82p2dl7rr2/httpclient-4.1.1.jar
7fc2e7298000-7fc2e729f000 r--s 00053000 08:01 17302289                   /home/rtb/.gradle/caches/jars-2/jgkfvs4eqggj7qsyw1f5d3up57hanj1/commons-compress-1.8.1.jar
7fc2e729f000-7fc2e72a4000 r--s 0002a000 08:01 17302287                   /home/rtb/.gradle/caches/jars-2/je8f027qcr1z1egw08byp1ybxbp9kko/gson-2.2.4.jar
7fc2e72a4000-7fc2e72a9000 r--s 0002e000 08:01 1312766                    /home/rtb/.gradle/caches/jars-2/4n1734h1pd6bcoy635yi6h93fwe9ucz/repository-25.3.2.jar
7fc2e72a9000-7fc2e72ab000 r--s 00006000 08:01 1182380                    /home/rtb/.gradle/caches/jars-2/2rgkyifl5sxddymjp5ayhsk365j5keg/dvlib-25.3.2.jar
7fc2e72ab000-7fc2e74ab000 rw-p 00000000 00:00 0 
7fc2e74ab000-7fc2e74ae000 r--s 00012000 08:01 18613994                   /home/rtb/.gradle/caches/jars-2/k2hb11mjv3jrn5smyckw0wql8yhvtn8/layoutlib-api-25.3.2.jar
7fc2e74ae000-7fc2e74b3000 r--s 00058000 08:01 17302279                   /home/rtb/.gradle/caches/jars-2/st159835qgxm0l87oqrnhayxos4lc1n/asm-debug-all-5.0.1.jar
7fc2e74b3000-7fc2e74c3000 r--s 000d5000 08:01 17302277                   /home/rtb/.gradle/caches/jars-2/qzf32gp9kej4w4hlbabft6tplu74cj3/proguard-base-5.3.2.jar
7fc2e74c3000-7fc2e74c6000 r--s 00033000 08:01 17302275                   /home/rtb/.gradle/caches/jars-2/nz9sndmr8b4xbj4xulkaciy5kdbyfiz/juniversalchardet-1.0.3.jar
7fc2e74c6000-7fc2e74ca000 r--s 0002a000 08:01 17302273                   /home/rtb/.gradle/caches/jars-2/krbpn9xjn1qymukyx8cc5l799ty1v3h/commons-io-2.4.jar
7fc2e74ca000-7fc2e74e1000 r--s 00154000 08:01 17302271                   /home/rtb/.gradle/caches/jars-2/sfeivjswzitn6n0fnjx3ueszz8gv8o1/antlr4-4.5.3.jar
7fc2e74e1000-7fc2e74e3000 r--s 00002000 08:01 18221588                   /home/rtb/.gradle/caches/jars-2/5ro61j1y65rvhr7nubzp6mi4wd8ku9f/baseLibrary-2.3.2.jar
7fc2e74e3000-7fc2e750e000 r--s 001fc000 08:01 17302267                   /home/rtb/.gradle/caches/jars-2/nxjrjftly2xksl8o0wqgivu5netfu2x/guava-18.0.jar
7fc2e750e000-7fc2e7521000 r--s 00241000 08:01 17302265                   /home/rtb/.gradle/caches/jars-2/9yuekvg4qerfitq3xec0iyckuw3hwaq/ecj-4.6.1.jar
7fc2e7521000-7fc2e7528000 r--s 000d9000 08:01 17958126                   /home/rtb/.gradle/caches/jars-2/n1uyh4ln96msrngjecu42hn3t622176/lint-checks-25.3.2.jar
7fc2e7528000-7fc2e752a000 r--s 00006000 08:01 17302261                   /home/rtb/.gradle/caches/jars-2/6phgj9ki3jl3p5epzkqoo8pr6kur40b/asm-tree-5.0.4.jar
7fc2e752a000-7fc2e755d000 r--s 00203000 08:01 17302259                   /home/rtb/.gradle/caches/jars-2/hj0bfvxu9cq7hkwmecvp0kg137or3hh/bcprov-jdk15on-1.48.jar
7fc2e755d000-7fc2e756b000 r--s 00081000 08:01 17302257                   /home/rtb/.gradle/caches/jars-2/4r7xli0tz94y0wfjrdyjxlxar3g1pb9/bcpkix-jdk15on-1.48.jar
7fc2e756b000-7fc2e756d000 r--s 00002000 08:01 17171673                   /home/rtb/.gradle/caches/jars-2/f32bh5uivuf69ecz2j8hl96ksnqdh7v/javawriter-2.5.0.jar
7fc2e756d000-7fc2e756f000 r--s 00004000 08:01 17827342                   /home/rtb/.gradle/caches/jars-2/7ph44j8ltf4jh1biidkoojbouh17css/tracker-25.3.2.jar
7fc2e756f000-7fc2e7570000 r--s 00005000 08:01 17697291                   /home/rtb/.gradle/caches/jars-2/o1gtlkkzr6t4s2v0kax6zp9j6caq2u0/shared-25.3.2.jar
7fc2e7570000-7fc2e757e000 r--s 00147000 08:01 17434565                   /home/rtb/.gradle/caches/jars-2/o53hkchu83xktfa5q36s00v2v42a7y/protos-25.3.2.jar
7fc2e757e000-7fc2e757f000 r--s 00001000 08:01 17042012                   /home/rtb/.gradle/caches/jars-2/bqo69msswbvaagsh45hf1tq02v21sml/jill-api-0.10.0.jar
7fc2e757f000-7fc2e7581000 r--s 00003000 08:01 17042010                   /home/rtb/.gradle/caches/jars-2/7pldadygbci34ql8thws797g29k1uhh/jack-api-0.13.0.jar
7fc2e7581000-7fc2e7587000 r--s 0004a000 08:01 17303263                   /home/rtb/.gradle/caches/jars-2/hdqp9ynkugoxj627azw08f1nkcu898x/ddmlib-25.3.2.jar
7fc2e7587000-7fc2e758a000 r--s 00022000 08:01 17172014                   /home/rtb/.gradle/caches/jars-2/89xrxcektlpn7bcp7ipsay08holifnk/manifest-merger-25.3.2.jar
7fc2e758a000-7fc2e758d000 r--s 0001c000 08:01 17171945                   /home/rtb/.gradle/caches/jars-2/tr3itsd2plho5o88yb3gjrypud2u4h2/common-25.3.2.jar
7fc2e758d000-7fc2e7596000 r--s 00089000 08:01 17043337                   /home/rtb/.gradle/caches/jars-2/oxa6gsnf6zdgyk0pj409nry3545uq19/sdk-common-25.3.2.jar
7fc2e7596000-7fc2e75a0000 r--s 00098000 08:01 17043332                   /home/rtb/.gradle/caches/jars-2/icq382ympn7u9fgmdu4gnllvjn9exea/sdklib-25.3.2.jar
7fc2e75a0000-7fc2e75a3000 r--s 00006000 08:01 16912492                   /home/rtb/.gradle/caches/jars-2/j73s6h38rbpo66lhtrpyav6nz8gvkz/builder-model-2.3.2.jar
7fc2e75a3000-7fc2e75b2000 r--s 00130000 08:01 16912197                   /home/rtb/.gradle/caches/jars-2/cr6zkqpx14lor9zdtmo49qpc7y8r8p4/protobuf-java-3.0.0.jar
7fc2e75b2000-7fc2e75b4000 r--s 0000f000 08:01 16912195                   /home/rtb/.gradle/caches/jars-2/rvfyugrlu5tbpz51p98og0qsxamjq4k/jopt-simple-4.9.jar
7fc2e75b4000-7fc2e75b8000 r--s 0001f000 08:01 16912193                   /home/rtb/.gradle/caches/jars-2/nq3fzqkrrm37ob61z4iu5qdbh368uat/org.jacoco.report-0.7.5.201505241946.jar
7fc2e75b8000-7fc2e75bc000 r--s 0001d000 08:01 16912191                   /home/rtb/.gradle/caches/jars-2/3kxkmcckmk40ron92zhbm0qjo9l4bkl/org.jacoco.core-0.7.5.201505241946.jar
7fc2e75bc000-7fc2e75be000 r--s 00002000 08:01 16912189                   /home/rtb/.gradle/caches/jars-2/m4m0pzb4gmaeh0in5g2xc4bxeuwt828/proguard-gradle-5.3.2.jar
7fc2e75be000-7fc2e75c0000 r--s 00009000 08:01 16912187                   /home/rtb/.gradle/caches/jars-2/ajvcvdu66lc9e3tvvipxtuq48i9bbkc/asm-commons-5.0.4.jar
7fc2e75c0000-7fc2e75d6000 r--s 00163000 08:01 16912476                   /home/rtb/.gradle/caches/jars-2/tmjxqp4m0j3g12q1pvd41pt4dzyersp/builder-2.3.2.jar
7fc2e75d6000-7fc2e75f5000 r--s 001ca000 08:01 16781988                   /home/rtb/.gradle/caches/jars-2/psoqzdhi7smfthkerjcdtayt1ovoie7/gradle-core-2.3.2.jar
7fc2e75f5000-7fc2e77f5000 rw-p 00000000 00:00 0 
7fc2e77f5000-7fc2e79f5000 rw-p 00000000 00:00 0 
7fc2e79f5000-7fc2e7bf5000 rw-p 00000000 00:00 0 
7fc2e7bf5000-7fc2e7df5000 rw-p 00000000 00:00 0 
7fc2e7df5000-7fc2e7df6000 r--s 00002000 08:01 16912497                   /home/rtb/.gradle/caches/jars-2/liykey57f2h1pt8dmvk7r6wqrsywj5t/builder-test-api-2.3.2.jar
7fc2e7df6000-7fc2e7dfb000 r--s 0002c000 08:01 16912490                   /home/rtb/.gradle/caches/jars-2/8turwhns6pk45x6h64byi8086xre0gy/compilerCommon-2.3.2.jar
7fc2e7dfb000-7fc2e7e00000 r--s 0005e000 08:01 16912486                   /home/rtb/.gradle/caches/jars-2/3codmksrb2ftf6vgz8jfz786b2p3e61/lint-25.3.2.jar
7fc2e7e00000-7fc2e8000000 rw-p 00000000 00:00 0 
7fc2e8000000-7fc2e8021000 rw-p 00000000 00:00 0 
7fc2e8021000-7fc2ec000000 ---p 00000000 00:00 0 
7fc2ec000000-7fc2eca34000 rw-p 00000000 00:00 0 
7fc2eca34000-7fc2f0000000 ---p 00000000 00:00 0 
7fc2f0000000-7fc2f0021000 rw-p 00000000 00:00 0 
7fc2f0021000-7fc2f4000000 ---p 00000000 00:00 0 
7fc2f4000000-7fc2f5fd2000 rw-p 00000000 00:00 0 
7fc2f5fd2000-7fc2f8000000 ---p 00000000 00:00 0 
7fc2f8000000-7fc2f8021000 rw-p 00000000 00:00 0 
7fc2f8021000-7fc2fc000000 ---p 00000000 00:00 0 
7fc2fc000000-7fc2fc021000 rw-p 00000000 00:00 0 
7fc2fc021000-7fc300000000 ---p 00000000 00:00 0 
7fc300000000-7fc300063000 rw-p 00000000 00:00 0 
7fc300063000-7fc304000000 ---p 00000000 00:00 0 
7fc304000000-7fc304061000 rw-p 00000000 00:00 0 
7fc304061000-7fc308000000 ---p 00000000 00:00 0 
7fc308000000-7fc308021000 rw-p 00000000 00:00 0 
7fc308021000-7fc30c000000 ---p 00000000 00:00 0 
7fc30c000000-7fc30c021000 rw-p 00000000 00:00 0 
7fc30c021000-7fc310000000 ---p 00000000 00:00 0 
7fc310000000-7fc311ea8000 rw-p 00000000 00:00 0 
7fc311ea8000-7fc314000000 ---p 00000000 00:00 0 
7fc314000000-7fc31500e000 rw-p 00000000 00:00 0 
7fc31500e000-7fc318000000 ---p 00000000 00:00 0 
7fc318000000-7fc318021000 rw-p 00000000 00:00 0 
7fc318021000-7fc31c000000 ---p 00000000 00:00 0 
7fc31c000000-7fc31e701000 rw-p 00000000 00:00 0 
7fc31e701000-7fc320000000 ---p 00000000 00:00 0 
7fc320000000-7fc320021000 rw-p 00000000 00:00 0 
7fc320021000-7fc324000000 ---p 00000000 00:00 0 
7fc324000000-7fc324021000 rw-p 00000000 00:00 0 
7fc324021000-7fc328000000 ---p 00000000 00:00 0 
7fc328000000-7fc32827d000 rw-p 00000000 00:00 0 
7fc32827d000-7fc32c000000 ---p 00000000 00:00 0 
7fc32c000000-7fc32c002000 r--s 0000c000 08:01 16912185                   /home/rtb/.gradle/caches/jars-2/1laz1ygmxoc408r7nwqs1q8uk8r236d/asm-5.0.4.jar
7fc32c002000-7fc32c003000 r--s 00002000 08:01 16912488                   /home/rtb/.gradle/caches/jars-2/memt199vk4nal65fuxag9w4gnmeyalh/gradle-api-2.3.2.jar
7fc32c003000-7fc32c004000 r--s 00000000 08:01 16912179                   /home/rtb/.gradle/caches/jars-2/tlyajppf8woug00g686fx5mchf8iv3o/transform-api-2.0.0-deprecated-use-gradle-api.jar
7fc32c004000-7fc32c006000 r--s 0000d000 08:01 16781975                   /home/rtb/.gradle/caches/jars-2/gpu29uvfhkngb3cj4xqtwx5tpqakqq4/gradle-2.3.2.jar
7fc32c006000-7fc32c009000 ---p 00000000 00:00 0 
7fc32c009000-7fc32c107000 rw-p 00000000 00:00 0                          [stack:3053]
7fc32c107000-7fc32c10a000 ---p 00000000 00:00 0 
7fc32c10a000-7fc32c140000 rw-p 00000000 00:00 0 
7fc32c140000-7fc32c141000 r--p 00000000 00:00 0 
7fc32c141000-7fc32c1ba000 r--s 010ed000 08:01 15469131                   /home/rtb/Downloads/android-studio/jre/lib/tools.jar
7fc32c1ba000-7fc32c3ba000 rw-p 00000000 00:00 0 
7fc32c3ba000-7fc32c3bd000 ---p 00000000 00:00 0 
7fc32c3bd000-7fc32c4bb000 rw-p 00000000 00:00 0 
7fc32c4bb000-7fc32c4be000 ---p 00000000 00:00 0 
7fc32c4be000-7fc32c5bc000 rw-p 00000000 00:00 0 
7fc32c5bc000-7fc32c5bf000 ---p 00000000 00:00 0 
7fc32c5bf000-7fc32c6bd000 rw-p 00000000 00:00 0                          [stack:6640]
7fc32c6bd000-7fc32c6c0000 ---p 00000000 00:00 0 
7fc32c6c0000-7fc32c7be000 rw-p 00000000 00:00 0 
7fc32c7be000-7fc32c7c1000 ---p 00000000 00:00 0 
7fc32c7c1000-7fc32c8bf000 rw-p 00000000 00:00 0                          [stack:3044]
7fc32c8bf000-7fc32c8c2000 ---p 00000000 00:00 0 
7fc32c8c2000-7fc32cbc0000 rw-p 00000000 00:00 0                          [stack:6644]
7fc32cbc0000-7fc32cbc3000 ---p 00000000 00:00 0 
7fc32cbc3000-7fc32ccc1000 rw-p 00000000 00:00 0                          [stack:6609]
7fc32ccc1000-7fc32ccc8000 r--s 00000000 08:01 3145820                    /usr/lib/x86_64-linux-gnu/gconv/gconv-modules.cache
7fc32ccc8000-7fc32cec8000 rw-p 00000000 00:00 0 
7fc32cec8000-7fc32cecb000 ---p 00000000 00:00 0 
7fc32cecb000-7fc32cfc9000 rw-p 00000000 00:00 0                          [stack:3041]
7fc32cfc9000-7fc32cfd2000 r-xp 00000000 08:01 15469267                   /home/rtb/Downloads/android-studio/jre/jre/lib/amd64/libmanagement.so
7fc32cfd2000-7fc32d1d1000 ---p 00009000 08:01 15469267                   /home/rtb/Downloads/android-studio/jre/jre/lib/amd64/libmanagement.so
7fc32d1d1000-7fc32d1d2000 r--p 00008000 08:01 15469267                   /home/rtb/Downloads/android-studio/jre/jre/lib/amd64/libmanagement.so
7fc32d1d2000-7fc32d1d3000 rw-p 00009000 08:01 15469267                   /home/rtb/Downloads/android-studio/jre/jre/lib/amd64/libmanagement.so
7fc32d1d3000-7fc32d1d8000 r--s 00098000 08:01 15469241                   /home/rtb/Downloads/android-studio/jre/jre/lib/jsse.jar
7fc32d1d8000-7fc32d1da000 r--s 00007000 08:01 16777463                   /home/rtb/.gradle/wrapper/dists/gradle-3.3-all/55gk2rcmfc6p2dg9u9ohc3hw9/gradle-3.3/lib/plugins/gradle-tooling-api-builders-3.3.jar
7fc32d1da000-7fc32d1dd000 r--s 00009000 08:01 16777456                   /home/rtb/.gradle/wrapper/dists/gradle-3.3-all/55gk2rcmfc6p2dg9u9ohc3hw9/gradle-3.3/lib/plugins/gradle-testing-native-3.3.jar
7fc32d1dd000-7fc32d1e3000 r--s 00033000 08:01 16777531                   /home/rtb/.gradle/wrapper/dists/gradle-3.3-all/55gk2rcmfc6p2dg9u9ohc3hw9/gradle-3.3/lib/plugins/snakeyaml-1.6.jar
7fc32d1e3000-7fc32d1e5000 r--s 00006000 08:01 16777530                   /home/rtb/.gradle/wrapper/dists/gradle-3.3-all/55gk2rcmfc6p2dg9u9ohc3hw9/gradle-3.3/lib/plugins/jcommander-1.12.jar
7fc32d1e5000-7fc32d1ea000 r--s 00040000 08:01 16777529                   /home/rtb/.gradle/wrapper/dists/gradle-3.3-all/55gk2rcmfc6p2dg9u9ohc3hw9/gradle-3.3/lib/plugins/bsh-2.0b4.jar
7fc32d1ea000-7fc32d1ec000 r--s 00009000 08:01 16777537                   /home/rtb/.gradle/wrapper/dists/gradle-3.3-all/55gk2rcmfc6p2dg9u9ohc3hw9/gradle-3.3/lib/plugins/hamcrest-core-1.3.jar
7fc32d1ec000-7fc32d1f5000 r--s 00089000 08:01 16777488                   /home/rtb/.gradle/wrapper/dists/gradle-3.3-all/55gk2rcmfc6p2dg9u9ohc3hw9/gradle-3.3/lib/plugins/testng-6.3.1.jar
7fc32d1f5000-7fc32d1fd000 r--s 00045000 08:01 16777487                   /home/rtb/.gradle/wrapper/dists/gradle-3.3-all/55gk2rcmfc6p2dg9u9ohc3hw9/gradle-3.3/lib/plugins/junit-4.12.jar
7fc32d1fd000-7fc32d203000 r--s 0002e000 08:01 16777457                   /home/rtb/.gradle/wrapper/dists/gradle-3.3-all/55gk2rcmfc6p2dg9u9ohc3hw9/gradle-3.3/lib/plugins/gradle-testing-jvm-3.3.jar
7fc32d203000-7fc32d207000 r--s 00016000 08:01 16777455                   /home/rtb/.gradle/wrapper/dists/gradle-3.3-all/55gk2rcmfc6p2dg9u9ohc3hw9/gradle-3.3/lib/plugins/gradle-testing-base-3.3.jar
7fc32d207000-7fc32d20e000 r--s 00038000 08:01 16777482                   /home/rtb/.gradle/wrapper/dists/gradle-3.3-all/55gk2rcmfc6p2dg9u9ohc3hw9/gradle-3.3/lib/plugins/bcpg-jdk15on-1.51.jar
7fc32d20e000-7fc32d210000 r--s 0000c000 08:01 16777434                   /home/rtb/.gradle/wrapper/dists/gradle-3.3-all/55gk2rcmfc6p2dg9u9ohc3hw9/gradle-3.3/lib/plugins/gradle-signing-3.3.jar
7fc32d210000-7fc32d212000 r--s 00007000 08:01 16777433                   /home/rtb/.gradle/wrapper/dists/gradle-3.3-all/55gk2rcmfc6p2dg9u9ohc3hw9/gradle-3.3/lib/plugins/gradle-scala-3.3.jar
7fc32d212000-7fc32d213000 r--s 00004000 08:01 16777461                   /home/rtb/.gradle/wrapper/dists/gradle-3.3-all/55gk2rcmfc6p2dg9u9ohc3hw9/gradle-3.3/lib/plugins/gradle-resources-sftp-3.3.jar
7fc32d213000-7fc32d223000 r--s 00088000 08:01 16777498                   /home/rtb/.gradle/wrapper/dists/gradle-3.3-all/55gk2rcmfc6p2dg9u9ohc3hw9/gradle-3.3/lib/plugins/joda-time-2.8.2.jar
7fc32d223000-7fc32d234000 r--s 0010d000 08:01 16777497                   /home/rtb/.gradle/wrapper/dists/gradle-3.3-all/55gk2rcmfc6p2dg9u9ohc3hw9/gradle-3.3/lib/plugins/jackson-databind-2.6.6.jar
7fc32d234000-7fc32d237000 r--s 00009000 08:01 16777496                   /home/rtb/.gradle/wrapper/dists/gradle-3.3-all/55gk2rcmfc6p2dg9u9ohc3hw9/gradle-3.3/lib/plugins/jackson-annotations-2.6.6.jar
7fc32d237000-7fc32d23b000 r--s 0003c000 08:01 16777495                   /home/rtb/.gradle/wrapper/dists/gradle-3.3-all/55gk2rcmfc6p2dg9u9ohc3hw9/gradle-3.3/lib/plugins/jackson-core-2.6.6.jar
7fc32d23b000-7fc32d249000 r--s 00087000 08:01 16777494                   /home/rtb/.gradle/wrapper/dists/gradle-3.3-all/55gk2rcmfc6p2dg9u9ohc3hw9/gradle-3.3/lib/plugins/aws-java-sdk-core-1.11.6.jar
7fc32d249000-7fc32d250000 r--s 00057000 08:01 16777493                   /home/rtb/.gradle/wrapper/dists/gradle-3.3-all/55gk2rcmfc6p2dg9u9ohc3hw9/gradle-3.3/lib/plugins/aws-java-sdk-kms-1.11.6.jar
7fc32d250000-7fc32d25d000 r--s 0008e000 08:01 16777492                   /home/rtb/.gradle/wrapper/dists/gradle-3.3-all/55gk2rcmfc6p2dg9u9ohc3hw9/gradle-3.3/lib/plugins/aws-java-sdk-s3-1.11.6.jar
7fc32d25d000-7fc32d25f000 r--s 00004000 08:01 16777462                   /home/rtb/.gradle/wrapper/dists/gradle-3.3-all/55gk2rcmfc6p2dg9u9ohc3hw9/gradle-3.3/lib/plugins/gradle-resources-s3-3.3.jar
7fc32d25f000-7fc32d261000 r--s 00005000 08:01 16777486                   /home/rtb/.gradle/wrapper/dists/gradle-3.3-all/55gk2rcmfc6p2dg9u9ohc3hw9/gradle-3.3/lib/plugins/jatl-0.2.2.jar
7fc32d261000-7fc32d263000 r--s 0000f000 08:01 16777439                   /home/rtb/.gradle/wrapper/dists/gradle-3.3-all/55gk2rcmfc6p2dg9u9ohc3hw9/gradle-3.3/lib/plugins/gradle-reporting-3.3.jar
7fc32d263000-7fc32d265000 r--s 00002000 08:01 16777440                   /home/rtb/.gradle/wrapper/dists/gradle-3.3-all/55gk2rcmfc6p2dg9u9ohc3hw9/gradle-3.3/lib/plugins/gradle-publish-3.3.jar
7fc32d265000-7fc32d267000 r--s 00009000 08:01 16777469                   /home/rtb/.gradle/wrapper/dists/gradle-3.3-all/55gk2rcmfc6p2dg9u9ohc3hw9/gradle-3.3/lib/plugins/commons-cli-1.2.jar
7fc32d267000-7fc32d26d000 r--s 00031000 08:01 16777425                   /home/rtb/.gradle/wrapper/dists/gradle-3.3-all/55gk2rcmfc6p2dg9u9ohc3hw9/gradle-3.3/lib/plugins/gradle-plugins-3.3.jar
7fc32d26d000-7fc32d26f000 r--s 00009000 08:01 16777458                   /home/rtb/.gradle/wrapper/dists/gradle-3.3-all/55gk2rcmfc6p2dg9u9ohc3hw9/gradle-3.3/lib/plugins/gradle-plugin-development-3.3.jar
7fc32d26f000-7fc32d275000 r--s 0002b000 08:01 16777451                   /home/rtb/.gradle/wrapper/dists/gradle-3.3-all/55gk2rcmfc6p2dg9u9ohc3hw9/gradle-3.3/lib/plugins/gradle-platform-play-3.3.jar
7fc32d275000-7fc32d283000 r--s 00055000 08:01 16777450                   /home/rtb/.gradle/wrapper/dists/gradle-3.3-all/55gk2rcmfc6p2dg9u9ohc3hw9/gradle-3.3/lib/plugins/gradle-platform-native-3.3.jar
7fc32d283000-7fc32d288000 r--s 0001f000 08:01 16777445                   /home/rtb/.gradle/wrapper/dists/gradle-3.3-all/55gk2rcmfc6p2dg9u9ohc3hw9/gradle-3.3/lib/plugins/gradle-platform-jvm-3.3.jar
7fc32d288000-7fc32d290000 r--s 00027000 08:01 16777444                   /home/rtb/.gradle/wrapper/dists/gradle-3.3-all/55gk2rcmfc6p2dg9u9ohc3hw9/gradle-3.3/lib/plugins/gradle-platform-base-3.3.jar
7fc32d290000-7fc32d2b8000 r--s 0021c000 08:01 16777477                   /home/rtb/.gradle/wrapper/dists/gradle-3.3-all/55gk2rcmfc6p2dg9u9ohc3hw9/gradle-3.3/lib/plugins/biz.aQute.bndlib-3.2.0.jar
7fc32d2b8000-7fc32d2ba000 r--s 00003000 08:01 16777429                   /home/rtb/.gradle/wrapper/dists/gradle-3.3-all/55gk2rcmfc6p2dg9u9ohc3hw9/gradle-3.3/lib/plugins/gradle-osgi-3.3.jar
7fc32d2ba000-7fc32d2bd000 r--s 0000c000 08:01 16777480                   /home/rtb/.gradle/wrapper/dists/gradle-3.3-all/55gk2rcmfc6p2dg9u9ohc3hw9/gradle-3.3/lib/plugins/pmaven-groovy-0.8-20100325.jar
7fc32d2bd000-7fc32d2be000 r--s 00004000 08:01 16777479                   /home/rtb/.gradle/wrapper/dists/gradle-3.3-all/55gk2rcmfc6p2dg9u9ohc3hw9/gradle-3.3/lib/plugins/pmaven-common-0.8-20100325.jar
7fc32d2be000-7fc32d2c4000 r--s 00023000 08:01 16777430                   /home/rtb/.gradle/wrapper/dists/gradle-3.3-all/55gk2rcmfc6p2dg9u9ohc3hw9/gradle-3.3/lib/plugins/gradle-maven-3.3.jar
7fc32d2c4000-7fc32d2c7000 r--s 0000b000 08:01 16777449                   /home/rtb/.gradle/wrapper/dists/gradle-3.3-all/55gk2rcmfc6p2dg9u9ohc3hw9/gradle-3.3/lib/plugins/gradle-language-scala-3.3.jar
7fc32d2c7000-7fc32d2cd000 r--s 0001a000 08:01 16777453                   /home/rtb/.gradle/wrapper/dists/gradle-3.3-all/55gk2rcmfc6p2dg9u9ohc3hw9/gradle-3.3/lib/plugins/gradle-language-native-3.3.jar
7fc32d2cd000-7fc32d2d0000 r--s 00005000 08:01 16777446                   /home/rtb/.gradle/wrapper/dists/gradle-3.3-all/55gk2rcmfc6p2dg9u9ohc3hw9/gradle-3.3/lib/plugins/gradle-language-jvm-3.3.jar
7fc32d2d0000-7fc32d2d6000 r--s 00027000 08:01 16777447                   /home/rtb/.gradle/wrapper/dists/gradle-3.3-all/55gk2rcmfc6p2dg9u9ohc3hw9/gradle-3.3/lib/plugins/gradle-language-java-3.3.jar
7fc32d2d6000-7fc32d2d8000 r--s 0000a000 08:01 16777448                   /home/rtb/.gradle/wrapper/dists/gradle-3.3-all/55gk2rcmfc6p2dg9u9ohc3hw9/gradle-3.3/lib/plugins/gradle-language-groovy-3.3.jar
7fc32d2d8000-7fc32d2db000 r--s 0001e000 08:01 16777504                   /home/rtb/.gradle/wrapper/dists/gradle-3.3-all/55gk2rcmfc6p2dg9u9ohc3hw9/gradle-3.3/lib/plugins/jsp-api-2.1-6.1.14.jar
7fc32d2db000-7fc32d2fe000 r--s 00344000 08:01 16777503                   /home/rtb/.gradle/wrapper/dists/gradle-3.3-all/55gk2rcmfc6p2dg9u9ohc3hw9/gradle-3.3/lib/plugins/core-3.1.1.jar
7fc32d2fe000-7fc32d2ff000 r--s 00006000 08:01 16777502                   /home/rtb/.gradle/wrapper/dists/gradle-3.3-all/55gk2rcmfc6p2dg9u9ohc3hw9/gradle-3.3/lib/plugins/jetty-naming-6.1.26.jar
7fc32d2ff000-7fc32d300000 r--s 00002000 08:01 16777476                   /home/rtb/.gradle/wrapper/dists/gradle-3.3-all/55gk2rcmfc6p2dg9u9ohc3hw9/gradle-3.3/lib/plugins/geronimo-annotation_1.0_spec-1.0.jar
7fc32d300000-7fc32d302000 r--s 00002000 08:01 16777475                   /home/rtb/.gradle/wrapper/dists/gradle-3.3-all/55gk2rcmfc6p2dg9u9ohc3hw9/gradle-3.3/lib/plugins/jetty-annotations-6.1.26.jar
7fc32d302000-7fc32d313000 r--s 000ea000 08:01 16777474                   /home/rtb/.gradle/wrapper/dists/gradle-3.3-all/55gk2rcmfc6p2dg9u9ohc3hw9/gradle-3.3/lib/plugins/jsp-2.1-6.1.14.jar
7fc32d313000-7fc32d315000 r--s 0000d000 08:01 16777473                   /home/rtb/.gradle/wrapper/dists/gradle-3.3-all/55gk2rcmfc6p2dg9u9ohc3hw9/gradle-3.3/lib/plugins/jetty-plus-6.1.26.jar
7fc32d315000-7fc32d317000 r--s 0001f000 08:01 16777472                   /home/rtb/.gradle/wrapper/dists/gradle-3.3-all/55gk2rcmfc6p2dg9u9ohc3hw9/gradle-3.3/lib/plugins/servlet-api-2.5-20081211.jar
7fc32d317000-7fc32d31b000 r--s 00028000 08:01 16777471                   /home/rtb/.gradle/wrapper/dists/gradle-3.3-all/55gk2rcmfc6p2dg9u9ohc3hw9/gradle-3.3/lib/plugins/jetty-util-6.1.26.jar
7fc32d31b000-7fc32d322000 r--s 0007d000 08:01 16777470                   /home/rtb/.gradle/wrapper/dists/gradle-3.3-all/55gk2rcmfc6p2dg9u9ohc3hw9/gradle-3.3/lib/plugins/jetty-6.1.26.jar
7fc32d322000-7fc32d324000 r--s 0000a000 08:01 16777427                   /home/rtb/.gradle/wrapper/dists/gradle-3.3-all/55gk2rcmfc6p2dg9u9ohc3hw9/gradle-3.3/lib/plugins/gradle-jetty-3.3.jar
7fc32d324000-7fc32d32b000 r--s 00035000 08:01 16777485                   /home/rtb/.gradle/wrapper/dists/gradle-3.3-all/55gk2rcmfc6p2dg9u9ohc3hw9/gradle-3.3/lib/plugins/simple-4.1.21.jar
7fc32d32b000-7fc32d337000 r--s 00100000 08:01 16777483                   /home/rtb/.gradle/wrapper/dists/gradle-3.3-all/55gk2rcmfc6p2dg9u9ohc3hw9/gradle-3.3/lib/plugins/rhino-1.7R3.jar
7fc32d337000-7fc32d33b000 r--s 00012000 08:01 16777436                   /home/rtb/.gradle/wrapper/dists/gradle-3.3-all/55gk2rcmfc6p2dg9u9ohc3hw9/gradle-3.3/lib/plugins/gradle-javascript-3.3.jar
7fc32d33b000-7fc32d33d000 r--s 0000d000 08:01 16777442                   /home/rtb/.gradle/wrapper/dists/gradle-3.3-all/55gk2rcmfc6p2dg9u9ohc3hw9/gradle-3.3/lib/plugins/gradle-jacoco-3.3.jar
7fc32d33d000-7fc32d340000 r--s 0000e000 08:01 16777441                   /home/rtb/.gradle/wrapper/dists/gradle-3.3-all/55gk2rcmfc6p2dg9u9ohc3hw9/gradle-3.3/lib/plugins/gradle-ivy-3.3.jar
7fc32d340000-7fc32d341000 r--s 00002000 08:01 16777452                   /home/rtb/.gradle/wrapper/dists/gradle-3.3-all/55gk2rcmfc6p2dg9u9ohc3hw9/gradle-3.3/lib/plugins/gradle-ide-play-3.3.jar
7fc32d341000-7fc32d344000 r--s 00013000 08:01 16777454                   /home/rtb/.gradle/wrapper/dists/gradle-3.3-all/55gk2rcmfc6p2dg9u9ohc3hw9/gradle-3.3/lib/plugins/gradle-ide-native-3.3.jar
7fc32d344000-7fc32d34d000 r--s 00055000 08:01 16777431                   /home/rtb/.gradle/wrapper/dists/gradle-3.3-all/55gk2rcmfc6p2dg9u9ohc3hw9/gradle-3.3/lib/plugins/gradle-ide-3.3.jar
7fc32d34d000-7fc32d34f000 r--s 00007000 08:01 16777435                   /home/rtb/.gradle/wrapper/dists/gradle-3.3-all/55gk2rcmfc6p2dg9u9ohc3hw9/gradle-3.3/lib/plugins/gradle-ear-3.3.jar
7fc32d34f000-7fc32d355000 r--s 00039000 08:01 16777438                   /home/rtb/.gradle/wrapper/dists/gradle-3.3-all/55gk2rcmfc6p2dg9u9ohc3hw9/gradle-3.3/lib/plugins/gradle-diagnostics-3.3.jar
7fc32d355000-7fc32d356000 r--s 00009000 08:01 16777464                   /home/rtb/.gradle/wrapper/dists/gradle-3.3-all/55gk2rcmfc6p2dg9u9ohc3hw9/gradle-3.3/lib/plugins/gradle-composite-builds-3.3.jar
7fc32d356000-7fc32d35a000 r--s 00023000 08:01 16777426                   /home/rtb/.gradle/wrapper/dists/gradle-3.3-all/55gk2rcmfc6p2dg9u9ohc3hw9/gradle-3.3/lib/plugins/gradle-code-quality-3.3.jar
7fc32d35a000-7fc32d35e000 r--s 00022000 08:01 16777443                   /home/rtb/.gradle/wrapper/dists/gradle-3.3-all/55gk2rcmfc6p2dg9u9ohc3hw9/gradle-3.3/lib/plugins/gradle-build-init-3.3.jar
7fc32d35e000-7fc32d364000 r--s 0008e000 08:01 16777437                   /home/rtb/.gradle/wrapper/dists/gradle-3.3-all/55gk2rcmfc6p2dg9u9ohc3hw9/gradle-3.3/lib/plugins/gradle-build-comparison-3.3.jar
7fc32d364000-7fc32d365000 r--s 00001000 08:01 16777465                   /home/rtb/.gradle/wrapper/dists/gradle-3.3-all/55gk2rcmfc6p2dg9u9ohc3hw9/gradle-3.3/lib/plugins/gradle-build-cache-http-3.3.jar
7fc32d365000-7fc32d367000 r--s 00008000 08:01 16777428                   /home/rtb/.gradle/wrapper/dists/gradle-3.3-all/55gk2rcmfc6p2dg9u9ohc3hw9/gradle-3.3/lib/plugins/gradle-antlr-3.3.jar
7fc32d367000-7fc32d369000 r--s 00004000 08:01 16777432                   /home/rtb/.gradle/wrapper/dists/gradle-3.3-all/55gk2rcmfc6p2dg9u9ohc3hw9/gradle-3.3/lib/plugins/gradle-announce-3.3.jar
7fc32d369000-7fc32d381000 r--s 00115000 08:01 16777534                   /home/rtb/.gradle/wrapper/dists/gradle-3.3-all/55gk2rcmfc6p2dg9u9ohc3hw9/gradle-3.3/lib/plugins/xercesImpl-2.9.1.jar
7fc32d381000-7fc32d389000 r--s 00028000 08:01 16777535                   /home/rtb/.gradle/wrapper/dists/gradle-3.3-all/55gk2rcmfc6p2dg9u9ohc3hw9/gradle-3.3/lib/plugins/xml-apis-1.3.04.jar
7fc32d389000-7fc32d38f000 r--s 0005b000 08:01 16777533                   /home/rtb/.gradle/wrapper/dists/gradle-3.3-all/55gk2rcmfc6p2dg9u9ohc3hw9/gradle-3.3/lib/plugins/jcifs-1.3.17.jar
7fc32d38f000-7fc32d395000 r--s 00033000 08:01 16777481                   /home/rtb/.gradle/wrapper/dists/gradle-3.3-all/55gk2rcmfc6p2dg9u9ohc3hw9/gradle-3.3/lib/plugins/commons-codec-1.6.jar
7fc32d395000-7fc32d39c000 r--s 00049000 08:01 16777532                   /home/rtb/.gradle/wrapper/dists/gradle-3.3-all/55gk2rcmfc6p2dg9u9ohc3hw9/gradle-3.3/lib/plugins/httpcore-4.4.4.jar
7fc32d39c000-7fc32d39f000 r--s 0001c000 08:01 16777490                   /home/rtb/.gradle/wrapper/dists/gradle-3.3-all/55gk2rcmfc6p2dg9u9ohc3hw9/gradle-3.3/lib/plugins/nekohtml-1.9.14.jar
7fc32d39f000-7fc32d3ac000 r--s 000a4000 08:01 16777489                   /home/rtb/.gradle/wrapper/dists/gradle-3.3-all/55gk2rcmfc6p2dg9u9ohc3hw9/gradle-3.3/lib/plugins/httpclient-4.4.1.jar
7fc32d3ac000-7fc32d3af000 r--s 0000a000 08:01 16777460                   /home/rtb/.gradle/wrapper/dists/gradle-3.3-all/55gk2rcmfc6p2dg9u9ohc3hw9/gradle-3.3/lib/plugins/gradle-resources-http-3.3.jar
7fc32d3af000-7fc32d3b3000 r--s 00015000 08:01 16777459                   /home/rtb/.gradle/wrapper/dists/gradle-3.3-all/55gk2rcmfc6p2dg9u9ohc3hw9/gradle-3.3/lib/plugins/gradle-plugin-use-3.3.jar
7fc32d3b3000-7fc32d3b4000 r--s 00000000 08:01 16777371                   /home/rtb/.gradle/wrapper/dists/gradle-3.3-all/55gk2rcmfc6p2dg9u9ohc3hw9/gradle-3.3/lib/gradle-installation-beacon-3.3.jar
7fc32d3b4000-7fc32d3b6000 r--s 00006000 08:01 16777528                   /home/rtb/.gradle/wrapper/dists/gradle-3.3-all/55gk2rcmfc6p2dg9u9ohc3hw9/gradle-3.3/lib/plugins/aether-connector-wagon-1.13.1.jar
7fc32d3b6000-7fc32d3ba000 r--s 0001c000 08:01 16777527                   /home/rtb/.gradle/wrapper/dists/gradle-3.3-all/55gk2rcmfc6p2dg9u9ohc3hw9/gradle-3.3/lib/plugins/aether-util-1.13.1.jar
7fc32d3ba000-7fc32d3bb000 r--s 00003000 08:01 16777526                   /home/rtb/.gradle/wrapper/dists/gradle-3.3-all/55gk2rcmfc6p2dg9u9ohc3hw9/gradle-3.3/lib/plugins/aether-spi-1.13.1.jar
7fc32d3bb000-7fc32d3be000 r--s 0001d000 08:01 16777525                   /home/rtb/.gradle/wrapper/dists/gradle-3.3-all/55gk2rcmfc6p2dg9u9ohc3hw9/gradle-3.3/lib/plugins/aether-impl-1.13.1.jar
7fc32d3be000-7fc32d3c1000 r--s 00013000 08:01 16777524                   /home/rtb/.gradle/wrapper/dists/gradle-3.3-all/55gk2rcmfc6p2dg9u9ohc3hw9/gradle-3.3/lib/plugins/aether-api-1.13.1.jar
7fc32d3c1000-7fc32d3c2000 r--s 00007000 08:01 16777523                   /home/rtb/.gradle/wrapper/dists/gradle-3.3-all/55gk2rcmfc6p2dg9u9ohc3hw9/gradle-3.3/lib/plugins/wagon-http-shared4-2.4.jar
7fc32d3c2000-7fc32d3c4000 r--s 0000b000 08:01 16777522                   /home/rtb/.gradle/wrapper/dists/gradle-3.3-all/55gk2rcmfc6p2dg9u9ohc3hw9/gradle-3.3/lib/plugins/wagon-provider-api-2.4.jar
7fc32d3c4000-7fc32d3c5000 r--s 00002000 08:01 16777521                   /home/rtb/.gradle/wrapper/dists/gradle-3.3-all/55gk2rcmfc6p2dg9u9ohc3hw9/gradle-3.3/lib/plugins/wagon-http-2.4.jar
7fc32d3c5000-7fc32d3c6000 r--s 00002000 08:01 16777520                   /home/rtb/.gradle/wrapper/dists/gradle-3.3-all/55gk2rcmfc6p2dg9u9ohc3hw9/gradle-3.3/lib/plugins/wagon-file-2.4.jar
7fc32d3c6000-7fc32d3c8000 r--s 0000c000 08:01 16777519                   /home/rtb/.gradle/wrapper/dists/gradle-3.3-all/55gk2rcmfc6p2dg9u9ohc3hw9/gradle-3.3/lib/plugins/maven-aether-provider-3.0.4.jar
7fc32d3c8000-7fc32d3ca000 r--s 0000b000 08:01 16777518                   /home/rtb/.gradle/wrapper/dists/gradle-3.3-all/55gk2rcmfc6p2dg9u9ohc3hw9/gradle-3.3/lib/plugins/maven-plugin-api-3.0.4.jar
7fc32d3ca000-7fc32d3cc000 r--s 00006000 08:01 16777517                   /home/rtb/.gradle/wrapper/dists/gradle-3.3-all/55gk2rcmfc6p2dg9u9ohc3hw9/gradle-3.3/lib/plugins/maven-repository-metadata-3.0.4.jar
7fc32d3cc000-7fc32d3ce000 r--s 0000b000 08:01 16777516                   /home/rtb/.gradle/wrapper/dists/gradle-3.3-all/55gk2rcmfc6p2dg9u9ohc3hw9/gradle-3.3/lib/plugins/maven-artifact-3.0.4.jar
7fc32d3ce000-7fc32d3d0000 r--s 00026000 08:01 16777515                   /home/rtb/.gradle/wrapper/dists/gradle-3.3-all/55gk2rcmfc6p2dg9u9ohc3hw9/gradle-3.3/lib/plugins/maven-model-3.0.4.jar
7fc32d3d0000-7fc32d3d4000 r--s 00021000 08:01 16777514                   /home/rtb/.gradle/wrapper/dists/gradle-3.3-all/55gk2rcmfc6p2dg9u9ohc3hw9/gradle-3.3/lib/plugins/maven-model-builder-3.0.4.jar
7fc32d3d4000-7fc32d3da000 r--s 0003f000 08:01 16777513                   /home/rtb/.gradle/wrapper/dists/gradle-3.3-all/55gk2rcmfc6p2dg9u9ohc3hw9/gradle-3.3/lib/plugins/maven-compat-3.0.4.jar
7fc32d3da000-7fc32d3dc000 r--s 00002000 08:01 16777511                   /home/rtb/.gradle/wrapper/dists/gradle-3.3-all/55gk2rcmfc6p2dg9u9ohc3hw9/gradle-3.3/lib/plugins/plexus-cipher-1.7.jar
7fc32d3dc000-7fc32d3de000 r--s 0000a000 08:01 16777510                   /home/rtb/.gradle/wrapper/dists/gradle-3.3-all/55gk2rcmfc6p2dg9u9ohc3hw9/gradle-3.3/lib/plugins/plexus-classworlds-2.4.jar
7fc32d3de000-7fc32d3e5000 r--s 0002e000 08:01 16777509                   /home/rtb/.gradle/wrapper/dists/gradle-3.3-all/55gk2rcmfc6p2dg9u9ohc3hw9/gradle-3.3/lib/plugins/plexus-container-default-1.5.5.jar
7fc32d3e5000-7fc32d3e7000 r--s 00000000 08:01 16777536                   /home/rtb/.gradle/wrapper/dists/gradle-3.3-all/55gk2rcmfc6p2dg9u9ohc3hw9/gradle-3.3/lib/plugins/plexus-component-annotations-1.5.5.jar
7fc32d3e7000-7fc32d3e9000 r--s 0000d000 08:01 16777508                   /home/rtb/.gradle/wrapper/dists/gradle-3.3-all/55gk2rcmfc6p2dg9u9ohc3hw9/gradle-3.3/lib/plugins/plexus-interpolation-1.14.jar
7fc32d3e9000-7fc32d3ed000 r--s 00033000 08:01 16777507                   /home/rtb/.gradle/wrapper/dists/gradle-3.3-all/55gk2rcmfc6p2dg9u9ohc3hw9/gradle-3.3/lib/plugins/plexus-utils-2.0.6.jar
7fc32d3ed000-7fc32d3f0000 r--s 00008000 08:01 16777506                   /home/rtb/.gradle/wrapper/dists/gradle-3.3-all/55gk2rcmfc6p2dg9u9ohc3hw9/gradle-3.3/lib/plugins/maven-settings-builder-3.0.4.jar
7fc32d3f0000-7fc32d3f2000 r--s 0000a000 08:01 16777505                   /home/rtb/.gradle/wrapper/dists/gradle-3.3-all/55gk2rcmfc6p2dg9u9ohc3hw9/gradle-3.3/lib/plugins/maven-settings-3.0.4.jar
7fc32d3f2000-7fc32d3f7000 r--s 00040000 08:01 16777491                   /home/rtb/.gradle/wrapper/dists/gradle-3.3-all/55gk2rcmfc6p2dg9u9ohc3hw9/gradle-3.3/lib/plugins/jsch-0.1.53.jar
7fc32d3f7000-7fc32d437000 r--s 00277000 08:01 16777501                   /home/rtb/.gradle/wrapper/dists/gradle-3.3-all/55gk2rcmfc6p2dg9u9ohc3hw9/gradle-3.3/lib/plugins/bcprov-jdk15on-1.51.jar
7fc32d437000-7fc32d43b000 r--s 0001d000 08:01 16777500                   /home/rtb/.gradle/wrapper/dists/gradle-3.3-all/55gk2rcmfc6p2dg9u9ohc3hw9/gradle-3.3/lib/plugins/xbean-reflect-3.4.jar
7fc32d43b000-7fc32d447000 r--s 0007d000 08:01 16777478                   /home/rtb/.gradle/wrapper/dists/gradle-3.3-all/55gk2rcmfc6p2dg9u9ohc3hw9/gradle-3.3/lib/plugins/maven-core-3.0.4.jar
7fc32d447000-7fc32d466000 r--s 000f6000 08:01 16777467                   /home/rtb/.gradle/wrapper/dists/gradle-3.3-all/55gk2rcmfc6p2dg9u9ohc3hw9/gradle-3.3/lib/plugins/gradle-dependency-management-3.3.jar
7fc32d466000-7fc32d47c000 r-xp 00000000 08:01 3936115                    /lib/x86_64-linux-gnu/libgcc_s.so.1
7fc32d47c000-7fc32d67b000 ---p 00016000 08:01 3936115                    /lib/x86_64-linux-gnu/libgcc_s.so.1
7fc32d67b000-7fc32d67c000 rw-p 00015000 08:01 3936115                    /lib/x86_64-linux-gnu/libgcc_s.so.1
7fc32d67c000-7fc32d762000 r-xp 00000000 08:01 2754740                    /usr/lib/x86_64-linux-gnu/libstdc++.so.6.0.19
7fc32d762000-7fc32d961000 ---p 000e6000 08:01 2754740                    /usr/lib/x86_64-linux-gnu/libstdc++.so.6.0.19
7fc32d961000-7fc32d969000 r--p 000e5000 08:01 2754740                    /usr/lib/x86_64-linux-gnu/libstdc++.so.6.0.19
7fc32d969000-7fc32d96b000 rw-p 000ed000 08:01 2754740                    /usr/lib/x86_64-linux-gnu/libstdc++.so.6.0.19
7fc32d96b000-7fc32d980000 rw-p 00000000 00:00 0 
7fc32d980000-7fc32d981000 r--s 00006000 08:01 16777512                   /home/rtb/.gradle/wrapper/dists/gradle-3.3-all/55gk2rcmfc6p2dg9u9ohc3hw9/gradle-3.3/lib/plugins/plexus-sec-dispatcher-1.3.jar
7fc32d981000-7fc32d986000 r--s 00034000 08:01 16777484                   /home/rtb/.gradle/wrapper/dists/gradle-3.3-all/55gk2rcmfc6p2dg9u9ohc3hw9/gradle-3.3/lib/plugins/gson-2.7.jar
7fc32d986000-7fc32d995000 r--s 000d9000 08:01 16777499                   /home/rtb/.gradle/wrapper/dists/gradle-3.3-all/55gk2rcmfc6p2dg9u9ohc3hw9/gradle-3.3/lib/plugins/ivy-2.2.0.jar
7fc32d995000-7fc32d997000 r--s 00005000 08:01 16777466                   /home/rtb/.gradle/wrapper/dists/gradle-3.3-all/55gk2rcmfc6p2dg9u9ohc3hw9/gradle-3.3/lib/plugins/gradle-workers-3.3.jar
7fc32d997000-7fc32d99c000 r-xp 00000000 08:01 16385193                   /home/rtb/.gradle/native/23/linux-amd64/libnative-platform.so
7fc32d99c000-7fc32db9b000 ---p 00005000 08:01 16385193                   /home/rtb/.gradle/native/23/linux-amd64/libnative-platform.so
7fc32db9b000-7fc32db9c000 rw-p 00004000 08:01 16385193                   /home/rtb/.gradle/native/23/linux-amd64/libnative-platform.so
7fc32db9c000-7fc32dbad000 r-xp 00000000 08:01 15469255                   /home/rtb/Downloads/android-studio/jre/jre/lib/amd64/libnio.so
7fc32dbad000-7fc32ddac000 ---p 00011000 08:01 15469255                   /home/rtb/Downloads/android-studio/jre/jre/lib/amd64/libnio.so
7fc32ddac000-7fc32ddad000 r--p 00010000 08:01 15469255                   /home/rtb/Downloads/android-studio/jre/jre/lib/amd64/libnio.so
7fc32ddad000-7fc32ddae000 rw-p 00011000 08:01 15469255                   /home/rtb/Downloads/android-studio/jre/jre/lib/amd64/libnio.so
7fc32ddae000-7fc32ddc5000 r-xp 00000000 08:01 15469253                   /home/rtb/Downloads/android-studio/jre/jre/lib/amd64/libnet.so
7fc32ddc5000-7fc32dfc4000 ---p 00017000 08:01 15469253                   /home/rtb/Downloads/android-studio/jre/jre/lib/amd64/libnet.so
7fc32dfc4000-7fc32dfc5000 r--p 00016000 08:01 15469253                   /home/rtb/Downloads/android-studio/jre/jre/lib/amd64/libnet.so
7fc32dfc5000-7fc32dfc6000 rw-p 00017000 08:01 15469253                   /home/rtb/Downloads/android-studio/jre/jre/lib/amd64/libnet.so
7fc32dfc6000-7fc32dfc7000 r--s 00006000 08:01 16777370                   /home/rtb/.gradle/wrapper/dists/gradle-3.3-all/55gk2rcmfc6p2dg9u9ohc3hw9/gradle-3.3/lib/gradle-wrapper-3.3.jar
7fc32dfc7000-7fc32dfd4000 r--s 00041000 08:01 16777377                   /home/rtb/.gradle/wrapper/dists/gradle-3.3-all/55gk2rcmfc6p2dg9u9ohc3hw9/gradle-3.3/lib/gradle-tooling-api-3.3.jar
7fc32dfd4000-7fc32dfd6000 r--s 00002000 08:01 16777397                   /home/rtb/.gradle/wrapper/dists/gradle-3.3-all/55gk2rcmfc6p2dg9u9ohc3hw9/gradle-3.3/lib/gradle-open-api-3.3.jar
7fc32dfd6000-7fc32dfdc000 r--s 00032000 08:01 16777399                   /home/rtb/.gradle/wrapper/dists/gradle-3.3-all/55gk2rcmfc6p2dg9u9ohc3hw9/gradle-3.3/lib/jaxen-1.1.jar
7fc32dfdc000-7fc32dfe1000 r--s 00048000 08:01 16777398                   /home/rtb/.gradle/wrapper/dists/gradle-3.3-all/55gk2rcmfc6p2dg9u9ohc3hw9/gradle-3.3/lib/dom4j-1.6.1.jar
7fc32dfe1000-7fc32dfec000 r--s 00059000 08:01 16777376                   /home/rtb/.gradle/wrapper/dists/gradle-3.3-all/55gk2rcmfc6p2dg9u9ohc3hw9/gradle-3.3/lib/gradle-ui-3.3.jar
7fc32dfec000-7fc32dff5000 r--s 0008c000 08:01 16777368                   /home/rtb/.gradle/wrapper/dists/gradle-3.3-all/55gk2rcmfc6p2dg9u9ohc3hw9/gradle-3.3/lib/kotlin-stdlib-1.1-M02.jar
7fc32dff5000-7fc32dffb000 r--s 0002a000 08:01 16777367                   /home/rtb/.gradle/wrapper/dists/gradle-3.3-all/55gk2rcmfc6p2dg9u9ohc3hw9/gradle-3.3/lib/kotlin-runtime-1.1-M02.jar
7fc32dffb000-7fc32e02f000 r--s 00256000 08:01 16777366                   /home/rtb/.gradle/wrapper/dists/gradle-3.3-all/55gk2rcmfc6p2dg9u9ohc3hw9/gradle-3.3/lib/kotlin-reflect-1.1-M02.jar
7fc32e02f000-7fc32e1c5000 r--s 0157e000 08:01 16777365                   /home/rtb/.gradle/wrapper/dists/gradle-3.3-all/55gk2rcmfc6p2dg9u9ohc3hw9/gradle-3.3/lib/kotlin-compiler-embeddable-1.1-M02.jar
7fc32e1c5000-7fc32e1cd000 r--s 0004e000 08:01 16777364                   /home/rtb/.gradle/wrapper/dists/gradle-3.3-all/55gk2rcmfc6p2dg9u9ohc3hw9/gradle-3.3/lib/gradle-script-kotlin-0.5.1.jar
7fc32e1cd000-7fc32e1d0000 r--s 0000b000 08:01 16777395                   /home/rtb/.gradle/wrapper/dists/gradle-3.3-all/55gk2rcmfc6p2dg9u9ohc3hw9/gradle-3.3/lib/gradle-resources-3.3.jar
7fc32e1d0000-7fc32e1d2000 r--s 00003000 08:01 16777404                   /home/rtb/.gradle/wrapper/dists/gradle-3.3-all/55gk2rcmfc6p2dg9u9ohc3hw9/gradle-3.3/lib/jcl-over-slf4j-1.7.10.jar
7fc32e1d2000-7fc32e1d3000 r--s 00005000 08:01 16777403                   /home/rtb/.gradle/wrapper/dists/gradle-3.3-all/55gk2rcmfc6p2dg9u9ohc3hw9/gradle-3.3/lib/log4j-over-slf4j-1.7.10.jar
7fc32e1d3000-7fc32e1d5000 r--s 00000000 08:01 16777402                   /home/rtb/.gradle/wrapper/dists/gradle-3.3-all/55gk2rcmfc6p2dg9u9ohc3hw9/gradle-3.3/lib/jul-to-slf4j-1.7.10.jar
7fc32e1d5000-7fc32e1da000 r--s 0001e000 08:01 16777379                   /home/rtb/.gradle/wrapper/dists/gradle-3.3-all/55gk2rcmfc6p2dg9u9ohc3hw9/gradle-3.3/lib/gradle-logging-3.3.jar
7fc32e1da000-7fc32e1dc000 r--s 00007000 08:01 16777423                   /home/rtb/.gradle/wrapper/dists/gradle-3.3-all/55gk2rcmfc6p2dg9u9ohc3hw9/gradle-3.3/lib/objenesis-1.2.jar
7fc32e1dc000-7fc32e1de000 r--s 00000000 08:01 16777422                   /home/rtb/.gradle/wrapper/dists/gradle-3.3-all/55gk2rcmfc6p2dg9u9ohc3hw9/gradle-3.3/lib/minlog-1.2.jar
7fc32e1de000-7fc32e1e0000 r--s 0000f000 08:01 16777421                   /home/rtb/.gradle/wrapper/dists/gradle-3.3-all/55gk2rcmfc6p2dg9u9ohc3hw9/gradle-3.3/lib/reflectasm-1.07-shaded.jar
7fc32e1e0000-7fc32e1e4000 r--s 00026000 08:01 16777406                   /home/rtb/.gradle/wrapper/dists/gradle-3.3-all/55gk2rcmfc6p2dg9u9ohc3hw9/gradle-3.3/lib/kryo-2.20.jar
7fc32e1e4000-7fc32e1ea000 r--s 00027000 08:01 16777394                   /home/rtb/.gradle/wrapper/dists/gradle-3.3-all/55gk2rcmfc6p2dg9u9ohc3hw9/gradle-3.3/lib/gradle-messaging-3.3.jar
7fc32e1ea000-7fc32e1eb000 r--s 00001000 08:01 16777420                   /home/rtb/.gradle/wrapper/dists/gradle-3.3-all/55gk2rcmfc6p2dg9u9ohc3hw9/gradle-3.3/lib/native-platform-linux-i386-ncurses6-0.12.jar
7fc32e1eb000-7fc32e1ec000 r--s 00001000 08:01 16777419                   /home/rtb/.gradle/wrapper/dists/gradle-3.3-all/55gk2rcmfc6p2dg9u9ohc3hw9/gradle-3.3/lib/native-platform-linux-i386-ncurses5-0.12.jar
7fc32e1ec000-7fc32e1ed000 r--s 00001000 08:01 16777418                   /home/rtb/.gradle/wrapper/dists/gradle-3.3-all/55gk2rcmfc6p2dg9u9ohc3hw9/gradle-3.3/lib/native-platform-linux-amd64-ncurses6-0.12.jar
7fc32e1ed000-7fc32e1ee000 r--s 00001000 08:01 16777417                   /home/rtb/.gradle/wrapper/dists/gradle-3.3-all/55gk2rcmfc6p2dg9u9ohc3hw9/gradle-3.3/lib/native-platform-linux-amd64-ncurses5-0.12.jar
7fc32e1ee000-7fc32e1ef000 r--s 0000b000 08:01 16777416                   /home/rtb/.gradle/wrapper/dists/gradle-3.3-all/55gk2rcmfc6p2dg9u9ohc3hw9/gradle-3.3/lib/native-platform-windows-i386-0.12.jar
7fc32e1ef000-7fc32e1f1000 r--s 0000b000 08:01 16777415                   /home/rtb/.gradle/wrapper/dists/gradle-3.3-all/55gk2rcmfc6p2dg9u9ohc3hw9/gradle-3.3/lib/native-platform-windows-amd64-0.12.jar
7fc32e1f1000-7fc32e1f3000 r--s 00002000 08:01 16777414                   /home/rtb/.gradle/wrapper/dists/gradle-3.3-all/55gk2rcmfc6p2dg9u9ohc3hw9/gradle-3.3/lib/native-platform-osx-i386-0.12.jar
7fc32e1f3000-7fc32e263000 r--s 00641000 08:01 16777384                   /home/rtb/.gradle/wrapper/dists/gradle-3.3-all/55gk2rcmfc6p2dg9u9ohc3hw9/gradle-3.3/lib/groovy-all-2.4.7.jar
7fc32e263000-7fc32e28b000 r--s 001cf000 08:01 16777381                   /home/rtb/.gradle/wrapper/dists/gradle-3.3-all/55gk2rcmfc6p2dg9u9ohc3hw9/gradle-3.3/lib/guava-jdk5-17.0.jar
7fc32e28b000-7fc32e2aa000 r--s 001d1000 08:01 16777388                   /home/rtb/.gradle/wrapper/dists/gradle-3.3-all/55gk2rcmfc6p2dg9u9ohc3hw9/gradle-3.3/lib/ant-1.9.6.jar
7fc32e2aa000-7fc32e2e7000 r--s 001f8000 08:01 16777374                   /home/rtb/.gradle/wrapper/dists/gradle-3.3-all/55gk2rcmfc6p2dg9u9ohc3hw9/gradle-3.3/lib/gradle-core-3.3.jar
7fc32e2e7000-7fc32e2e8000 ---p 00000000 00:00 0 
7fc32e2e8000-7fc32e3e8000 rw-p 00000000 00:00 0                          [stack:3040]
7fc32e3e8000-7fc32e3eb000 ---p 00000000 00:00 0 
7fc32e3eb000-7fc32e4e9000 rw-p 00000000 00:00 0                          [stack:3039]
7fc32e4e9000-7fc32e4ec000 ---p 00000000 00:00 0 
7fc32e4ec000-7fc32e5ea000 rw-p 00000000 00:00 0                          [stack:3038]
7fc32e5ea000-7fc32e5ed000 ---p 00000000 00:00 0 
7fc32e5ed000-7fc32e6eb000 rw-p 00000000 00:00 0                          [stack:3037]
7fc32e6eb000-7fc32e6ee000 ---p 00000000 00:00 0 
7fc32e6ee000-7fc32e7ec000 rw-p 00000000 00:00 0                          [stack:3036]
7fc32e7ec000-7fc32e7ef000 ---p 00000000 00:00 0 
7fc32e7ef000-7fc32e8ed000 rw-p 00000000 00:00 0                          [stack:3035]
7fc32e8ed000-7fc32efcf000 r--p 00000000 08:01 2759298                    /usr/lib/locale/locale-archive
7fc32efcf000-7fc32efd2000 ---p 00000000 00:00 0 
7fc32efd2000-7fc32f0d0000 rw-p 00000000 00:00 0                          [stack:3034]
7fc32f0d0000-7fc32f0d3000 ---p 00000000 00:00 0 
7fc32f0d3000-7fc32f1d1000 rw-p 00000000 00:00 0                          [stack:3033]
7fc32f1d1000-7fc32f1d2000 ---p 00000000 00:00 0 
7fc32f1d2000-7fc330000000 rw-p 00000000 00:00 0                          [stack:3032]
7fc330000000-7fc330026000 rw-p 00000000 00:00 0 
7fc330026000-7fc334000000 ---p 00000000 00:00 0 
7fc334000000-7fc3340dd000 rw-p 00000000 00:00 0 
7fc3340dd000-7fc338000000 ---p 00000000 00:00 0 
7fc338000000-7fc338036000 rw-p 00000000 00:00 0 
7fc338036000-7fc33c000000 ---p 00000000 00:00 0 
7fc33c000000-7fc33c001000 r--s 00002000 08:01 16777413                   /home/rtb/.gradle/wrapper/dists/gradle-3.3-all/55gk2rcmfc6p2dg9u9ohc3hw9/gradle-3.3/lib/native-platform-osx-amd64-0.12.jar
7fc33c001000-7fc33c002000 r--s 00002000 08:01 16777412                   /home/rtb/.gradle/wrapper/dists/gradle-3.3-all/55gk2rcmfc6p2dg9u9ohc3hw9/gradle-3.3/lib/native-platform-linux-i386-0.12.jar
7fc33c002000-7fc33c003000 r--s 00002000 08:01 16777411                   /home/rtb/.gradle/wrapper/dists/gradle-3.3-all/55gk2rcmfc6p2dg9u9ohc3hw9/gradle-3.3/lib/native-platform-linux-amd64-0.12.jar
7fc33c003000-7fc33c004000 r--s 00003000 08:01 16777410                   /home/rtb/.gradle/wrapper/dists/gradle-3.3-all/55gk2rcmfc6p2dg9u9ohc3hw9/gradle-3.3/lib/native-platform-freebsd-i386-libstdcpp-0.12.jar
7fc33c004000-7fc33c005000 r--s 00004000 08:01 16777409                   /home/rtb/.gradle/wrapper/dists/gradle-3.3-all/55gk2rcmfc6p2dg9u9ohc3hw9/gradle-3.3/lib/native-platform-freebsd-i386-libcpp-0.12.jar
7fc33c005000-7fc33c008000 r--s 00023000 08:01 16777401                   /home/rtb/.gradle/wrapper/dists/gradle-3.3-all/55gk2rcmfc6p2dg9u9ohc3hw9/gradle-3.3/lib/jansi-1.14.jar
7fc33c008000-7fc33c2bb000 rw-p 00000000 00:00 0 
7fc33c2bb000-7fc33c48a000 r--s 03c1b000 08:01 15469223                   /home/rtb/Downloads/android-studio/jre/jre/lib/rt.jar
7fc33c48a000-7fc340000000 rw-p 00000000 00:00 0 
7fc340000000-7fc340035000 rw-p 00000000 00:00 0 
7fc340035000-7fc344000000 ---p 00000000 00:00 0 
7fc344000000-7fc344002000 r--s 00003000 08:01 16777408                   /home/rtb/.gradle/wrapper/dists/gradle-3.3-all/55gk2rcmfc6p2dg9u9ohc3hw9/gradle-3.3/lib/native-platform-freebsd-amd64-libstdcpp-0.12.jar
7fc344002000-7fc344006000 r--s 00011000 08:01 16777400                   /home/rtb/.gradle/wrapper/dists/gradle-3.3-all/55gk2rcmfc6p2dg9u9ohc3hw9/gradle-3.3/lib/native-platform-0.12.jar
7fc344006000-7fc344015000 r--s 0007f000 08:01 16777385                   /home/rtb/.gradle/wrapper/dists/gradle-3.3-all/55gk2rcmfc6p2dg9u9ohc3hw9/gradle-3.3/lib/gradle-model-core-3.3.jar
7fc344015000-7fc344016000 ---p 00000000 00:00 0 
7fc344016000-7fc344116000 rw-p 00000000 00:00 0                          [stack:3029]
7fc344116000-7fc344117000 ---p 00000000 00:00 0 
7fc344117000-7fc344217000 rw-p 00000000 00:00 0                          [stack:3028]
7fc344217000-7fc344218000 ---p 00000000 00:00 0 
7fc344218000-7fc344375000 rw-p 00000000 00:00 0                          [stack:3027]
7fc344375000-7fc344518000 ---p 00000000 00:00 0 
7fc344518000-7fc344575000 rw-p 00000000 00:00 0 
7fc344575000-7fc344718000 ---p 00000000 00:00 0 
7fc344718000-7fc3447e2000 rw-p 00000000 00:00 0 
7fc3447e2000-7fc344818000 ---p 00000000 00:00 0 
7fc344818000-7fc3448f5000 rw-p 00000000 00:00 0 
7fc3448f5000-7fc344bd9000 ---p 00000000 00:00 0 
7fc344bd9000-7fc3482a9000 rwxp 00000000 00:00 0 
7fc3482a9000-7fc353bd9000 ---p 00000000 00:00 0 
7fc353bd9000-7fc353bf3000 r-xp 00000000 08:01 15469250                   /home/rtb/Downloads/android-studio/jre/jre/lib/amd64/libzip.so
7fc353bf3000-7fc353df3000 ---p 0001a000 08:01 15469250                   /home/rtb/Downloads/android-studio/jre/jre/lib/amd64/libzip.so
7fc353df3000-7fc353df4000 r--p 0001a000 08:01 15469250                   /home/rtb/Downloads/android-studio/jre/jre/lib/amd64/libzip.so
7fc353df4000-7fc353df5000 rw-p 0001b000 08:01 15469250                   /home/rtb/Downloads/android-studio/jre/jre/lib/amd64/libzip.so
7fc353df5000-7fc353dff000 r-xp 00000000 08:01 3932261                    /lib/x86_64-linux-gnu/libnss_files-2.19.so
7fc353dff000-7fc353ffe000 ---p 0000a000 08:01 3932261                    /lib/x86_64-linux-gnu/libnss_files-2.19.so
7fc353ffe000-7fc353fff000 r--p 00009000 08:01 3932261                    /lib/x86_64-linux-gnu/libnss_files-2.19.so
7fc353fff000-7fc354000000 rw-p 0000a000 08:01 3932261                    /lib/x86_64-linux-gnu/libnss_files-2.19.so
7fc354000000-7fc354d55000 rw-p 00000000 00:00 0 
7fc354d55000-7fc358000000 ---p 00000000 00:00 0 
7fc358000000-7fc358001000 r--s 00004000 08:01 16777407                   /home/rtb/.gradle/wrapper/dists/gradle-3.3-all/55gk2rcmfc6p2dg9u9ohc3hw9/gradle-3.3/lib/native-platform-freebsd-amd64-libcpp-0.12.jar
7fc358001000-7fc358004000 r--s 0000a000 08:01 16777378                   /home/rtb/.gradle/wrapper/dists/gradle-3.3-all/55gk2rcmfc6p2dg9u9ohc3hw9/gradle-3.3/lib/gradle-native-3.3.jar
7fc358004000-7fc358006000 r--s 00005000 08:01 16777375                   /home/rtb/.gradle/wrapper/dists/gradle-3.3-all/55gk2rcmfc6p2dg9u9ohc3hw9/gradle-3.3/lib/gradle-cli-3.3.jar
7fc358006000-7fc358008000 r--s 00007000 08:01 16777386                   /home/rtb/.gradle/wrapper/dists/gradle-3.3-all/55gk2rcmfc6p2dg9u9ohc3hw9/gradle-3.3/lib/gradle-model-groovy-3.3.jar
7fc358008000-7fc35800a000 r--s 00006000 08:01 16777393                   /home/rtb/.gradle/wrapper/dists/gradle-3.3-all/55gk2rcmfc6p2dg9u9ohc3hw9/gradle-3.3/lib/gradle-base-services-groovy-3.3.jar
7fc35800a000-7fc35800b000 r--s 00002000 08:01 16777396                   /home/rtb/.gradle/wrapper/dists/gradle-3.3-all/55gk2rcmfc6p2dg9u9ohc3hw9/gradle-3.3/lib/gradle-docs-3.3.jar
7fc35800b000-7fc358018000 r--s 00083000 08:01 16777389                   /home/rtb/.gradle/wrapper/dists/gradle-3.3-all/55gk2rcmfc6p2dg9u9ohc3hw9/gradle-3.3/lib/commons-collections-3.2.2.jar
7fc358018000-7fc358019000 ---p 00000000 00:00 0 
7fc358019000-7fc358119000 rw-p 00000000 00:00 0                          [stack:3026]
7fc358119000-7fc358124000 r-xp 00000000 08:01 3932186                    /lib/x86_64-linux-gnu/libnss_nis-2.19.so
7fc358124000-7fc358323000 ---p 0000b000 08:01 3932186                    /lib/x86_64-linux-gnu/libnss_nis-2.19.so
7fc358323000-7fc358324000 r--p 0000a000 08:01 3932186                    /lib/x86_64-linux-gnu/libnss_nis-2.19.so
7fc358324000-7fc358325000 rw-p 0000b000 08:01 3932186                    /lib/x86_64-linux-gnu/libnss_nis-2.19.so
7fc358325000-7fc35833c000 r-xp 00000000 08:01 3932255                    /lib/x86_64-linux-gnu/libnsl-2.19.so
7fc35833c000-7fc35853b000 ---p 00017000 08:01 3932255                    /lib/x86_64-linux-gnu/libnsl-2.19.so
7fc35853b000-7fc35853c000 r--p 00016000 08:01 3932255                    /lib/x86_64-linux-gnu/libnsl-2.19.so
7fc35853c000-7fc35853d000 rw-p 00017000 08:01 3932255                    /lib/x86_64-linux-gnu/libnsl-2.19.so
7fc35853d000-7fc35853f000 rw-p 00000000 00:00 0 
7fc35853f000-7fc358548000 r-xp 00000000 08:01 3932253                    /lib/x86_64-linux-gnu/libnss_compat-2.19.so
7fc358548000-7fc358747000 ---p 00009000 08:01 3932253                    /lib/x86_64-linux-gnu/libnss_compat-2.19.so
7fc358747000-7fc358748000 r--p 00008000 08:01 3932253                    /lib/x86_64-linux-gnu/libnss_compat-2.19.so
7fc358748000-7fc358749000 rw-p 00009000 08:01 3932253                    /lib/x86_64-linux-gnu/libnss_compat-2.19.so
7fc358749000-7fc358776000 r-xp 00000000 08:01 15469260                   /home/rtb/Downloads/android-studio/jre/jre/lib/amd64/libjava.so
7fc358776000-7fc358975000 ---p 0002d000 08:01 15469260                   /home/rtb/Downloads/android-studio/jre/jre/lib/amd64/libjava.so
7fc358975000-7fc358976000 r--p 0002c000 08:01 15469260                   /home/rtb/Downloads/android-studio/jre/jre/lib/amd64/libjava.so
7fc358976000-7fc358978000 rw-p 0002d000 08:01 15469260                   /home/rtb/Downloads/android-studio/jre/jre/lib/amd64/libjava.so
7fc358978000-7fc358988000 r-xp 00000000 08:01 15469276                   /home/rtb/Downloads/android-studio/jre/jre/lib/amd64/libverify.so
7fc358988000-7fc358b87000 ---p 00010000 08:01 15469276                   /home/rtb/Downloads/android-studio/jre/jre/lib/amd64/libverify.so
7fc358b87000-7fc358b89000 r--p 0000f000 08:01 15469276                   /home/rtb/Downloads/android-studio/jre/jre/lib/amd64/libverify.so
7fc358b89000-7fc358b8a000 rw-p 00011000 08:01 15469276                   /home/rtb/Downloads/android-studio/jre/jre/lib/amd64/libverify.so
7fc358b8a000-7fc358b91000 r-xp 00000000 08:01 3932165                    /lib/x86_64-linux-gnu/librt-2.19.so
7fc358b91000-7fc358d90000 ---p 00007000 08:01 3932165                    /lib/x86_64-linux-gnu/librt-2.19.so
7fc358d90000-7fc358d91000 r--p 00006000 08:01 3932165                    /lib/x86_64-linux-gnu/librt-2.19.so
7fc358d91000-7fc358d92000 rw-p 00007000 08:01 3932165                    /lib/x86_64-linux-gnu/librt-2.19.so
7fc358d92000-7fc358e97000 r-xp 00000000 08:01 3932256                    /lib/x86_64-linux-gnu/libm-2.19.so
7fc358e97000-7fc359096000 ---p 00105000 08:01 3932256                    /lib/x86_64-linux-gnu/libm-2.19.so
7fc359096000-7fc359097000 r--p 00104000 08:01 3932256                    /lib/x86_64-linux-gnu/libm-2.19.so
7fc359097000-7fc359098000 rw-p 00105000 08:01 3932256                    /lib/x86_64-linux-gnu/libm-2.19.so
7fc359098000-7fc359c89000 r-xp 00000000 08:01 15469280                   /home/rtb/Downloads/android-studio/jre/jre/lib/amd64/server/libjvm.so
7fc359c89000-7fc359e89000 ---p 00bf1000 08:01 15469280                   /home/rtb/Downloads/android-studio/jre/jre/lib/amd64/server/libjvm.so
7fc359e89000-7fc359f28000 r--p 00bf1000 08:01 15469280                   /home/rtb/Downloads/android-studio/jre/jre/lib/amd64/server/libjvm.so
7fc359f28000-7fc359f51000 rw-p 00c90000 08:01 15469280                   /home/rtb/Downloads/android-studio/jre/jre/lib/amd64/server/libjvm.so
7fc359f51000-7fc359f95000 rw-p 00000000 00:00 0 
7fc359f95000-7fc359fae000 r-xp 00000000 08:01 3932263                    /lib/x86_64-linux-gnu/libpthread-2.19.so
7fc359fae000-7fc35a1ad000 ---p 00019000 08:01 3932263                    /lib/x86_64-linux-gnu/libpthread-2.19.so
7fc35a1ad000-7fc35a1ae000 r--p 00018000 08:01 3932263                    /lib/x86_64-linux-gnu/libpthread-2.19.so
7fc35a1ae000-7fc35a1af000 rw-p 00019000 08:01 3932263                    /lib/x86_64-linux-gnu/libpthread-2.19.so
7fc35a1af000-7fc35a1b3000 rw-p 00000000 00:00 0 
7fc35a1b3000-7fc35a1b6000 r-xp 00000000 08:01 3932262                    /lib/x86_64-linux-gnu/libdl-2.19.so
7fc35a1b6000-7fc35a3b5000 ---p 00003000 08:01 3932262                    /lib/x86_64-linux-gnu/libdl-2.19.so
7fc35a3b5000-7fc35a3b6000 r--p 00002000 08:01 3932262                    /lib/x86_64-linux-gnu/libdl-2.19.so
7fc35a3b6000-7fc35a3b7000 rw-p 00003000 08:01 3932262                    /lib/x86_64-linux-gnu/libdl-2.19.so
7fc35a3b7000-7fc35a575000 r-xp 00000000 08:01 3932252                    /lib/x86_64-linux-gnu/libc-2.19.so
7fc35a575000-7fc35a774000 ---p 001be000 08:01 3932252                    /lib/x86_64-linux-gnu/libc-2.19.so
7fc35a774000-7fc35a778000 r--p 001bd000 08:01 3932252                    /lib/x86_64-linux-gnu/libc-2.19.so
7fc35a778000-7fc35a77a000 rw-p 001c1000 08:01 3932252                    /lib/x86_64-linux-gnu/libc-2.19.so
7fc35a77a000-7fc35a77f000 rw-p 00000000 00:00 0 
7fc35a77f000-7fc35a795000 r-xp 00000000 08:01 15469140                   /home/rtb/Downloads/android-studio/jre/lib/amd64/jli/libjli.so
7fc35a795000-7fc35a994000 ---p 00016000 08:01 15469140                   /home/rtb/Downloads/android-studio/jre/lib/amd64/jli/libjli.so
7fc35a994000-7fc35a995000 r--p 00015000 08:01 15469140                   /home/rtb/Downloads/android-studio/jre/lib/amd64/jli/libjli.so
7fc35a995000-7fc35a996000 rw-p 00016000 08:01 15469140                   /home/rtb/Downloads/android-studio/jre/lib/amd64/jli/libjli.so
7fc35a996000-7fc35a9b9000 r-xp 00000000 08:01 3932260                    /lib/x86_64-linux-gnu/ld-2.19.so
7fc35a9b9000-7fc35a9ba000 r--s 00000000 08:01 16777392                   /home/rtb/.gradle/wrapper/dists/gradle-3.3-all/55gk2rcmfc6p2dg9u9ohc3hw9/gradle-3.3/lib/javax.inject-1.jar
7fc35a9ba000-7fc35a9bb000 r--s 00000000 08:01 16777391                   /home/rtb/.gradle/wrapper/dists/gradle-3.3-all/55gk2rcmfc6p2dg9u9ohc3hw9/gradle-3.3/lib/jcip-annotations-1.0.jar
7fc35a9bb000-7fc35a9bf000 r--s 00027000 08:01 16777390                   /home/rtb/.gradle/wrapper/dists/gradle-3.3-all/55gk2rcmfc6p2dg9u9ohc3hw9/gradle-3.3/lib/commons-io-2.2.jar
7fc35a9bf000-7fc35a9c4000 r--s 00038000 08:01 16777387                   /home/rtb/.gradle/wrapper/dists/gradle-3.3-all/55gk2rcmfc6p2dg9u9ohc3hw9/gradle-3.3/lib/asm-all-5.1.jar
7fc35a9c4000-7fc35a9c5000 r--s 00001000 08:01 16777383                   /home/rtb/.gradle/wrapper/dists/gradle-3.3-all/55gk2rcmfc6p2dg9u9ohc3hw9/gradle-3.3/lib/gradle-process-services-3.3.jar
7fc35a9c5000-7fc35a9c7000 r--s 00000000 08:01 16777373                   /home/rtb/.gradle/wrapper/dists/gradle-3.3-all/55gk2rcmfc6p2dg9u9ohc3hw9/gradle-3.3/lib/gradle-jvm-services-3.3.jar
7fc35a9c7000-7fc35a9c8000 r--s 00000000 08:01 16777538                   /home/rtb/.gradle/wrapper/dists/gradle-3.3-all/55gk2rcmfc6p2dg9u9ohc3hw9/gradle-3.3/lib/gradle-version-info-3.3.jar
7fc35a9c8000-7fc35a9cd000 r--s 00041000 08:01 16777382                   /home/rtb/.gradle/wrapper/dists/gradle-3.3-all/55gk2rcmfc6p2dg9u9ohc3hw9/gradle-3.3/lib/commons-lang-2.6.jar
7fc35a9cd000-7fc35a9ce000 r--s 00007000 08:01 16777380                   /home/rtb/.gradle/wrapper/dists/gradle-3.3-all/55gk2rcmfc6p2dg9u9ohc3hw9/gradle-3.3/lib/slf4j-api-1.7.10.jar
7fc35a9ce000-7fc35a9cf000 r--s 00004000 08:01 16777405                   /home/rtb/.gradle/wrapper/dists/gradle-3.3-all/55gk2rcmfc6p2dg9u9ohc3hw9/gradle-3.3/lib/ant-launcher-1.9.6.jar
7fc35a9cf000-7fc35a9d8000 r--s 00042000 08:01 16777372                   /home/rtb/.gradle/wrapper/dists/gradle-3.3-all/55gk2rcmfc6p2dg9u9ohc3hw9/gradle-3.3/lib/gradle-base-services-3.3.jar
7fc35a9d8000-7fc35aa9a000 rw-p 00000000 00:00 0 
7fc35aa9a000-7fc35aa9d000 ---p 00000000 00:00 0 
7fc35aa9d000-7fc35ab9f000 rw-p 00000000 00:00 0                          [stack:3025]
7fc35ab9f000-7fc35abac000 r--s 0005c000 08:01 16777369                   /home/rtb/.gradle/wrapper/dists/gradle-3.3-all/55gk2rcmfc6p2dg9u9ohc3hw9/gradle-3.3/lib/gradle-launcher-3.3.jar
7fc35abac000-7fc35abb4000 rw-s 00000000 08:01 5246002                    /tmp/hsperfdata_rtb/3024
7fc35abb4000-7fc35abb5000 rw-p 00000000 00:00 0 
7fc35abb5000-7fc35abb6000 ---p 00000000 00:00 0 
7fc35abb6000-7fc35abb8000 rw-p 00000000 00:00 0 
7fc35abb8000-7fc35abb9000 r--p 00022000 08:01 3932260                    /lib/x86_64-linux-gnu/ld-2.19.so
7fc35abb9000-7fc35abba000 rw-p 00023000 08:01 3932260                    /lib/x86_64-linux-gnu/ld-2.19.so
7fc35abba000-7fc35abbb000 rw-p 00000000 00:00 0 
7fff3ec1e000-7fff3ec3f000 rw-p 00000000 00:00 0                          [stack]
7fff3ec65000-7fff3ec67000 r-xp 00000000 00:00 0                          [vdso]
ffffffffff600000-ffffffffff601000 r-xp 00000000 00:00 0                  [vsyscall]

VM Arguments:
jvm_args: -Xmx1536m -Dfile.encoding=UTF-8 -Duser.country=IN -Duser.language=en -Duser.variant 
java_command: org.gradle.launcher.daemon.bootstrap.GradleDaemon 3.3
java_class_path (initial): /home/rtb/.gradle/wrapper/dists/gradle-3.3-all/55gk2rcmfc6p2dg9u9ohc3hw9/gradle-3.3/lib/gradle-launcher-3.3.jar
Launcher Type: SUN_STANDARD

Environment Variables:
JAVA_HOME=/usr/lib/jvm/java-8-oracle
PATH=/usr/local/sbin:/usr/local/bin:/usr/sbin:/usr/bin:/sbin:/bin:/usr/games:/usr/local/games:/usr/lib/jvm/java-8-oracle/bin:/usr/lib/jvm/java-8-oracle/db/bin:/usr/lib/jvm/java-8-oracle/jre/bin
LD_LIBRARY_PATH=.:
SHELL=/bin/bash
DISPLAY=:0

Signal Handlers:
SIGSEGV: [libjvm.so+0x9e5150], sa_mask[0]=11111111011111111101111111111110, sa_flags=SA_RESTART|SA_SIGINFO
SIGBUS: [libjvm.so+0x9e5150], sa_mask[0]=11111111011111111101111111111110, sa_flags=SA_RESTART|SA_SIGINFO
SIGFPE: [libjvm.so+0x848450], sa_mask[0]=11111111011111111101111111111110, sa_flags=SA_RESTART|SA_SIGINFO
SIGPIPE: [libjvm.so+0x848450], sa_mask[0]=11111111011111111101111111111110, sa_flags=SA_RESTART|SA_SIGINFO
SIGXFSZ: [libjvm.so+0x848450], sa_mask[0]=11111111011111111101111111111110, sa_flags=SA_RESTART|SA_SIGINFO
SIGILL: [libjvm.so+0x848450], sa_mask[0]=11111111011111111101111111111110, sa_flags=SA_RESTART|SA_SIGINFO
SIGUSR1: SIG_DFL, sa_mask[0]=00000000000000000000000000000000, sa_flags=none
SIGUSR2: [libjvm.so+0x848320], sa_mask[0]=00100000000000000000000000000000, sa_flags=SA_RESTART|SA_SIGINFO
SIGHUP: [libjvm.so+0x848510], sa_mask[0]=11111111011111111101111111111110, sa_flags=SA_RESTART|SA_SIGINFO
SIGINT: [libjvm.so+0x848510], sa_mask[0]=11111111011111111101111111111110, sa_flags=SA_RESTART|SA_SIGINFO
SIGTERM: [libjvm.so+0x848510], sa_mask[0]=11111111011111111101111111111110, sa_flags=SA_RESTART|SA_SIGINFO
SIGQUIT: [libjvm.so+0x848510], sa_mask[0]=11111111011111111101111111111110, sa_flags=SA_RESTART|SA_SIGINFO


---------------  S Y S T E M  ---------------

OS:DISTRIB_ID=Ubuntu
DISTRIB_RELEASE=14.04
DISTRIB_CODENAME=trusty
DISTRIB_DESCRIPTION="Ubuntu 14.04.5 LTS"

uname:Linux 3.13.0-32-generic #57-Ubuntu SMP Tue Jul 15 03:51:08 UTC 2014 x86_64
libc:glibc 2.19 NPTL 2.19 
rlimit: STACK 8192k, CORE 0k, NPROC 30669, NOFILE 4096, AS infinity
load average:5.10 2.61 1.21

/proc/meminfo:
MemTotal:        3948032 kB
MemFree:          109352 kB
Buffers:            2304 kB
Cached:           274300 kB
SwapCached:            0 kB
Active:          3401328 kB
Inactive:         260008 kB
Active(anon):    3388852 kB
Inactive(anon):   240076 kB
Active(file):      12476 kB
Inactive(file):    19932 kB
Unevictable:          48 kB
Mlocked:              48 kB
SwapTotal:             0 kB
SwapFree:              0 kB
Dirty:              1056 kB
Writeback:             0 kB
AnonPages:       3384856 kB
Mapped:            80048 kB
Shmem:            244120 kB
Slab:              65996 kB
SReclaimable:      30376 kB
SUnreclaim:        35620 kB
KernelStack:        4568 kB
PageTables:        37752 kB
NFS_Unstable:          0 kB
Bounce:                0 kB
WritebackTmp:          0 kB
CommitLimit:     1974016 kB
Committed_AS:    7117764 kB
VmallocTotal:   34359738367 kB
VmallocUsed:      555876 kB
VmallocChunk:   34359171580 kB
HardwareCorrupted:     0 kB
AnonHugePages:   2150400 kB
HugePages_Total:       0
HugePages_Free:        0
HugePages_Rsvd:        0
HugePages_Surp:        0
Hugepagesize:       2048 kB
DirectMap4k:       49916 kB
DirectMap2M:     4044800 kB


CPU:total 4 (2 cores per cpu, 2 threads per core) family 6 model 58 stepping 9, cmov, cx8, fxsr, mmx, sse, sse2, sse3, ssse3, sse4.1, sse4.2, popcnt, avx, aes, clmul, erms, ht, tsc, tscinvbit, tscinv

/proc/cpuinfo:
processor	: 0
vendor_id	: GenuineIntel
cpu family	: 6
model		: 58
model name	: Intel(R) Core(TM) i5-3210M CPU @ 2.50GHz
stepping	: 9
microcode	: 0x12
cpu MHz		: 1200.000
cache size	: 3072 KB
physical id	: 0
siblings	: 4
core id		: 0
cpu cores	: 2
apicid		: 0
initial apicid	: 0
fpu		: yes
fpu_exception	: yes
cpuid level	: 13
wp		: yes
flags		: fpu vme de pse tsc msr pae mce cx8 apic sep mtrr pge mca cmov pat pse36 clflush dts acpi mmx fxsr sse sse2 ss ht tm pbe syscall nx rdtscp lm constant_tsc arch_perfmon pebs bts rep_good nopl xtopology nonstop_tsc aperfmperf eagerfpu pni pclmulqdq dtes64 monitor ds_cpl vmx est tm2 ssse3 cx16 xtpr pdcm pcid sse4_1 sse4_2 x2apic popcnt tsc_deadline_timer aes xsave avx f16c rdrand lahf_lm ida arat epb xsaveopt pln pts dtherm tpr_shadow vnmi flexpriority ept vpid fsgsbase smep erms
bogomips	: 4988.92
clflush size	: 64
cache_alignment	: 64
address sizes	: 36 bits physical, 48 bits virtual
power management:

processor	: 1
vendor_id	: GenuineIntel
cpu family	: 6
model		: 58
model name	: Intel(R) Core(TM) i5-3210M CPU @ 2.50GHz
stepping	: 9
microcode	: 0x12
cpu MHz		: 1200.000
cache size	: 3072 KB
physical id	: 0
siblings	: 4
core id		: 0
cpu cores	: 2
apicid		: 1
initial apicid	: 1
fpu		: yes
fpu_exception	: yes
cpuid level	: 13
wp		: yes
flags		: fpu vme de pse tsc msr pae mce cx8 apic sep mtrr pge mca cmov pat pse36 clflush dts acpi mmx fxsr sse sse2 ss ht tm pbe syscall nx rdtscp lm constant_tsc arch_perfmon pebs bts rep_good nopl xtopology nonstop_tsc aperfmperf eagerfpu pni pclmulqdq dtes64 monitor ds_cpl vmx est tm2 ssse3 cx16 xtpr pdcm pcid sse4_1 sse4_2 x2apic popcnt tsc_deadline_timer aes xsave avx f16c rdrand lahf_lm ida arat epb xsaveopt pln pts dtherm tpr_shadow vnmi flexpriority ept vpid fsgsbase smep erms
bogomips	: 4988.92
clflush size	: 64
cache_alignment	: 64
address sizes	: 36 bits physical, 48 bits virtual
power management:

processor	: 2
vendor_id	: GenuineIntel
cpu family	: 6
model		: 58
model name	: Intel(R) Core(TM) i5-3210M CPU @ 2.50GHz
stepping	: 9
microcode	: 0x12
cpu MHz		: 2501.000
cache size	: 3072 KB
physical id	: 0
siblings	: 4
core id		: 1
cpu cores	: 2
apicid		: 2
initial apicid	: 2
fpu		: yes
fpu_exception	: yes
cpuid level	: 13
wp		: yes
flags		: fpu vme de pse tsc msr pae mce cx8 apic sep mtrr pge mca cmov pat pse36 clflush dts acpi mmx fxsr sse sse2 ss ht tm pbe syscall nx rdtscp lm constant_tsc arch_perfmon pebs bts rep_good nopl xtopology nonstop_tsc aperfmperf eagerfpu pni pclmulqdq dtes64 monitor ds_cpl vmx est tm2 ssse3 cx16 xtpr pdcm pcid sse4_1 sse4_2 x2apic popcnt tsc_deadline_timer aes xsave avx f16c rdrand lahf_lm ida arat epb xsaveopt pln pts dtherm tpr_shadow vnmi flexpriority ept vpid fsgsbase smep erms
bogomips	: 4988.92
clflush size	: 64
cache_alignment	: 64
address sizes	: 36 bits physical, 48 bits virtual
power management:

processor	: 3
vendor_id	: GenuineIntel
cpu family	: 6
model		: 58
model name	: Intel(R) Core(TM) i5-3210M CPU @ 2.50GHz
stepping	: 9
microcode	: 0x12
cpu MHz		: 2501.000
cache size	: 3072 KB
physical id	: 0
siblings	: 4
core id		: 1
cpu cores	: 2
apicid		: 3
initial apicid	: 3
fpu		: yes
fpu_exception	: yes
cpuid level	: 13
wp		: yes
flags		: fpu vme de pse tsc msr pae mce cx8 apic sep mtrr pge mca cmov pat pse36 clflush dts acpi mmx fxsr sse sse2 ss ht tm pbe syscall nx rdtscp lm constant_tsc arch_perfmon pebs bts rep_good nopl xtopology nonstop_tsc aperfmperf eagerfpu pni pclmulqdq dtes64 monitor ds_cpl vmx est tm2 ssse3 cx16 xtpr pdcm pcid sse4_1 sse4_2 x2apic popcnt tsc_deadline_timer aes xsave avx f16c rdrand lahf_lm ida arat epb xsaveopt pln pts dtherm tpr_shadow vnmi flexpriority ept vpid fsgsbase smep erms
bogomips	: 4988.92
clflush size	: 64
cache_alignment	: 64
address sizes	: 36 bits physical, 48 bits virtual
power management:



Memory: 4k page, physical 3948032k(109352k free), swap 0k(0k free)

vm_info: OpenJDK 64-Bit Server VM (25.112-b06) for linux-amd64 JRE (1.8.0_112-release-b06), built on Dec  6 2016 12:11:18 by "builder" with gcc 4.8.4

time: Wed May 31 22:14:16 2017
elapsed time: 8762 seconds (0d 2h 26m 2s)

